2023-11-04 14:53:25.071  INFO 8888 --- [http-nio-8081-exec-5] com.cx.atm.controller.AccountController  : Account(aid=0, userId=3, balance=, createdAt=null)
2023-11-04 14:54:35.994  WARN 8888 --- [http-nio-8081-exec-8] c.a.druid.pool.DruidAbstractDataSource   : discard long time none received connection. , jdbcUrl : jdbc:mysql://localhost:3306/dbc?serverTimezone=UTC, version : 1.2.8, lastPacketReceivedIdleMillis : 70910
2023-11-04 14:54:36.023  INFO 8888 --- [http-nio-8081-exec-8] com.cx.atm.controller.AccountController  : Account(aid=0, userId=null, balance=, createdAt=null)
2023-11-04 14:54:41.655  INFO 8888 --- [http-nio-8081-exec-2] com.cx.atm.controller.AccountController  : Account(aid=0, userId=3, balance=, createdAt=null)
2023-11-04 14:54:43.665  INFO 8888 --- [http-nio-8081-exec-5] com.cx.atm.controller.AccountController  : Account(aid=0, userId=3, balance=, createdAt=null)
2023-11-04 14:54:45.311  INFO 8888 --- [http-nio-8081-exec-7] com.cx.atm.controller.AccountController  : Account(aid=0, userId=3, balance=, createdAt=null)
2023-11-04 14:54:45.781  INFO 8888 --- [http-nio-8081-exec-3] com.cx.atm.controller.AccountController  : Account(aid=0, userId=3, balance=, createdAt=null)
2023-11-04 14:54:45.993  INFO 8888 --- [http-nio-8081-exec-4] com.cx.atm.controller.AccountController  : Account(aid=0, userId=3, balance=, createdAt=null)
2023-11-04 14:54:46.623  INFO 8888 --- [http-nio-8081-exec-2] com.cx.atm.controller.AccountController  : Account(aid=0, userId=3, balance=, createdAt=null)
2023-11-04 14:55:02.792  INFO 8888 --- [http-nio-8081-exec-5] com.cx.atm.controller.AccountController  : Account(aid=0, userId=4, balance=, createdAt=null)
2023-11-04 14:55:05.709  WARN 8888 --- [http-nio-8081-exec-8] .m.m.a.ExceptionHandlerExceptionResolver : Resolved [org.mybatis.spring.MyBatisSystemException: nested exception is org.apache.ibatis.exceptions.TooManyResultsException: Expected one result (or null) to be returned by selectOne(), but found: 4]
2023-11-04 14:55:05.732  INFO 8888 --- [http-nio-8081-exec-7] com.cx.atm.controller.AccountController  : Account(aid=0, userId=4, balance=, createdAt=null)
2023-11-04 14:55:08.527  INFO 8888 --- [http-nio-8081-exec-9] com.cx.atm.controller.AccountController  : Account(aid=0, userId=4, balance=, createdAt=null)
2023-11-04 14:55:11.350  INFO 8888 --- [http-nio-8081-exec-10] com.cx.atm.controller.AccountController  : Account(aid=0, userId=4, balance=, createdAt=null)
2023-11-04 14:55:14.186  INFO 8888 --- [http-nio-8081-exec-2] com.cx.atm.controller.AccountController  : Account(aid=0, userId=4, balance=, createdAt=null)
2023-11-04 14:55:16.206  INFO 8888 --- [http-nio-8081-exec-1] com.cx.atm.controller.AccountController  : Account(aid=0, userId=4, balance=, createdAt=null)
2023-11-04 14:55:17.436  INFO 8888 --- [http-nio-8081-exec-5] com.cx.atm.controller.AccountController  : Account(aid=0, userId=4, balance=, createdAt=null)
2023-11-04 14:55:18.715  INFO 8888 --- [http-nio-8081-exec-7] com.cx.atm.controller.AccountController  : Account(aid=0, userId=4, balance=, createdAt=null)
2023-11-04 14:56:03.327  INFO 8888 --- [http-nio-8081-exec-7] com.cx.atm.controller.AccountController  : Account(aid=0, userId=null, balance=, createdAt=null)
2023-11-04 14:56:09.801  INFO 8888 --- [http-nio-8081-exec-4] com.cx.atm.controller.AccountController  : Account(aid=0, userId=4, balance=, createdAt=null)
2023-11-04 14:56:16.569  INFO 8888 --- [http-nio-8081-exec-4] com.cx.atm.controller.AccountController  : Account(aid=0, userId=null, balance=, createdAt=null)
2023-11-04 14:56:20.224  INFO 8888 --- [http-nio-8081-exec-1] com.cx.atm.controller.AccountController  : Account(aid=0, userId=4, balance=, createdAt=null)
2023-11-04 14:56:22.069  INFO 8888 --- [http-nio-8081-exec-2] com.cx.atm.controller.AccountController  : Account(aid=0, userId=4, balance=, createdAt=null)
2023-11-04 14:56:31.136  INFO 8888 --- [http-nio-8081-exec-3] com.cx.atm.controller.AccountController  : Account(aid=0, userId=4, balance=, createdAt=null)
2023-11-04 14:56:40.029  INFO 8888 --- [http-nio-8081-exec-7] com.cx.atm.controller.AccountController  : 账户ID: 4
