2023-11-05 11:47:22.689  INFO 3780 --- [restartedMain] o.s.b.w.embedded.tomcat.TomcatWebServer  : Tomcat initialized with port(s): 8081 (http)
2023-11-05 11:47:22.705  INFO 3780 --- [restartedMain] o.apache.catalina.core.StandardService   : Starting service [Tomcat]
2023-11-05 11:47:22.705  INFO 3780 --- [restartedMain] org.apache.catalina.core.StandardEngine  : Starting Servlet engine: [Apache Tomcat/9.0.62]
2023-11-05 11:47:22.845  INFO 3780 --- [restartedMain] o.a.c.c.C.[Tomcat].[localhost].[/]       : Initializing Spring embedded WebApplicationContext
2023-11-05 11:47:22.845  INFO 3780 --- [restartedMain] w.s.c.ServletWebServerApplicationContext : Root WebApplicationContext: initialization completed in 2281 ms
2023-11-05 11:47:23.048  INFO 3780 --- [restartedMain] c.a.d.s.b.a.DruidDataSourceAutoConfigure : Init DruidDataSource
2023-11-05 11:47:23.283  INFO 3780 --- [restartedMain] com.alibaba.druid.pool.DruidDataSource   : {dataSource-1} inited
2023-11-05 11:47:25.031  WARN 3780 --- [restartedMain] c.b.m.core.injector.DefaultSqlInjector   : class com.cx.atm.pojo.Account ,Not found @TableId annotation, Cannot use Mybatis-Plus 'xxById' Method.
2023-11-05 11:47:25.249  WARN 3780 --- [restartedMain] ConfigServletWebServerApplicationContext : Exception encountered during context initialization - cancelling refresh attempt: org.springframework.beans.factory.UnsatisfiedDependencyException: Error creating bean with name 'account' defined in file [D:\JAVA\Spring\atm\target\classes\com\cx\atm\pojo\Account.class]: Unsatisfied dependency expressed through constructor parameter 0; nested exception is org.springframework.beans.factory.BeanCurrentlyInCreationException: Error creating bean with name 'account': Requested bean is currently in creation: Is there an unresolvable circular reference?
2023-11-05 11:47:25.249  INFO 3780 --- [restartedMain] com.alibaba.druid.pool.DruidDataSource   : {dataSource-1} closing ...
2023-11-05 11:47:25.265  INFO 3780 --- [restartedMain] com.alibaba.druid.pool.DruidDataSource   : {dataSource-1} closed
2023-11-05 11:47:25.265  INFO 3780 --- [restartedMain] o.apache.catalina.core.StandardService   : Stopping service [Tomcat]
2023-11-05 11:47:25.281  INFO 3780 --- [restartedMain] ConditionEvaluationReportLoggingListener : 

Error starting ApplicationContext. To display the conditions report re-run your application with 'debug' enabled.
2023-11-05 11:47:25.335 ERROR 3780 --- [restartedMain] o.s.b.d.LoggingFailureAnalysisReporter   : 

***************************
APPLICATION FAILED TO START
***************************

Description:

The dependencies of some of the beans in the application context form a cycle:

┌──->──┐
|  account defined in file [D:\JAVA\Spring\atm\target\classes\com\cx\atm\pojo\Account.class]
└──<-──┘


Action:

Relying upon circular references is discouraged and they are prohibited by default. Update your application to remove the dependency cycle between beans. As a last resort, it may be possible to break the cycle automatically by setting spring.main.allow-circular-references to true.

2023-11-05 11:48:42.316  INFO 12940 --- [restartedMain] com.cx.atm.AtmApplication                : Starting AtmApplication using Java 1.8.0_381 on PC-20230329ZZGJ with PID 12940 (D:\JAVA\Spring\atm\target\classes started by 晨曦 in D:\JAVA\Spring\atm)
2023-11-05 11:48:42.316  INFO 12940 --- [restartedMain] com.cx.atm.AtmApplication                : No active profile set, falling back to 1 default profile: "default"
2023-11-05 11:48:42.394  INFO 12940 --- [restartedMain] .e.DevToolsPropertyDefaultsPostProcessor : Devtools property defaults active! Set 'spring.devtools.add-properties' to 'false' to disable
2023-11-05 11:48:42.394  INFO 12940 --- [restartedMain] .e.DevToolsPropertyDefaultsPostProcessor : For additional web related logging consider setting the 'logging.level.web' property to 'DEBUG'
2023-11-05 11:48:44.555  INFO 12940 --- [restartedMain] o.s.b.w.embedded.tomcat.TomcatWebServer  : Tomcat initialized with port(s): 8081 (http)
2023-11-05 11:48:44.571  INFO 12940 --- [restartedMain] o.apache.catalina.core.StandardService   : Starting service [Tomcat]
2023-11-05 11:48:44.571  INFO 12940 --- [restartedMain] org.apache.catalina.core.StandardEngine  : Starting Servlet engine: [Apache Tomcat/9.0.62]
2023-11-05 11:48:44.742  INFO 12940 --- [restartedMain] o.a.c.c.C.[Tomcat].[localhost].[/]       : Initializing Spring embedded WebApplicationContext
2023-11-05 11:48:44.758  INFO 12940 --- [restartedMain] w.s.c.ServletWebServerApplicationContext : Root WebApplicationContext: initialization completed in 2364 ms
2023-11-05 11:48:45.024  INFO 12940 --- [restartedMain] c.a.d.s.b.a.DruidDataSourceAutoConfigure : Init DruidDataSource
2023-11-05 11:48:45.223  INFO 12940 --- [restartedMain] com.alibaba.druid.pool.DruidDataSource   : {dataSource-1} inited
