2023-11-06 13:45:46.682  INFO 10984 --- [restartedMain] o.s.b.w.embedded.tomcat.TomcatWebServer  : Tomcat initialized with port(s): 80 (http)
2023-11-06 13:45:46.703  INFO 10984 --- [restartedMain] o.apache.catalina.core.StandardService   : Starting service [Tomcat]
2023-11-06 13:45:46.704  INFO 10984 --- [restartedMain] org.apache.catalina.core.StandardEngine  : Starting Servlet engine: [Apache Tomcat/9.0.62]
2023-11-06 13:45:46.900  INFO 10984 --- [restartedMain] o.a.c.c.C.[Tomcat].[localhost].[/]       : Initializing Spring embedded WebApplicationContext
2023-11-06 13:45:46.900  INFO 10984 --- [restartedMain] w.s.c.ServletWebServerApplicationContext : Root WebApplicationContext: initialization completed in 2422 ms
2023-11-06 13:45:47.114  INFO 10984 --- [restartedMain] c.a.d.s.b.a.DruidDataSourceAutoConfigure : Init DruidDataSource
2023-11-06 13:45:47.292  INFO 10984 --- [restartedMain] com.alibaba.druid.pool.DruidDataSource   : {dataSource-1} inited
2023-11-06 13:45:49.361  INFO 10984 --- [restartedMain] o.s.b.d.a.OptionalLiveReloadServer       : LiveReload server is running on port 35729
2023-11-06 13:45:49.413  WARN 10984 --- [restartedMain] ConfigServletWebServerApplicationContext : Exception encountered during context initialization - cancelling refresh attempt: org.springframework.context.ApplicationContextException: Failed to start bean 'webServerStartStop'; nested exception is org.springframework.boot.web.server.PortInUseException: Port 80 is already in use
2023-11-06 13:45:49.418  INFO 10984 --- [restartedMain] com.alibaba.druid.pool.DruidDataSource   : {dataSource-1} closing ...
2023-11-06 13:45:49.420  INFO 10984 --- [restartedMain] com.alibaba.druid.pool.DruidDataSource   : {dataSource-1} closed
2023-11-06 13:45:49.425  INFO 10984 --- [restartedMain] o.apache.catalina.core.StandardService   : Stopping service [Tomcat]
2023-11-06 13:45:49.448  INFO 10984 --- [restartedMain] ConditionEvaluationReportLoggingListener : 

Error starting ApplicationContext. To display the conditions report re-run your application with 'debug' enabled.
2023-11-06 13:45:49.492 ERROR 10984 --- [restartedMain] o.s.b.d.LoggingFailureAnalysisReporter   : 

***************************
APPLICATION FAILED TO START
***************************

Description:

Web server failed to start. Port 80 was already in use.

Action:

Identify and stop the process that's listening on port 80 or configure this application to listen on another port.

2023-11-06 13:54:24.911  INFO 14672 --- [restartedMain] com.cx.atm.AtmApplication                : Starting AtmApplication using Java 1.8.0_381 on PC-20230329ZZGJ with PID 14672 (D:\JAVA\Spring\atm\target\classes started by 晨曦 in D:\JAVA\Spring\atm)
2023-11-06 13:54:24.914  INFO 14672 --- [restartedMain] com.cx.atm.AtmApplication                : No active profile set, falling back to 1 default profile: "default"
2023-11-06 13:54:25.013  INFO 14672 --- [restartedMain] .e.DevToolsPropertyDefaultsPostProcessor : Devtools property defaults active! Set 'spring.devtools.add-properties' to 'false' to disable
2023-11-06 13:54:25.014  INFO 14672 --- [restartedMain] .e.DevToolsPropertyDefaultsPostProcessor : For additional web related logging consider setting the 'logging.level.web' property to 'DEBUG'
2023-11-06 13:54:26.912  INFO 14672 --- [restartedMain] o.s.b.w.embedded.tomcat.TomcatWebServer  : Tomcat initialized with port(s): 80 (http)
2023-11-06 13:54:26.924  INFO 14672 --- [restartedMain] o.apache.catalina.core.StandardService   : Starting service [Tomcat]
2023-11-06 13:54:26.924  INFO 14672 --- [restartedMain] org.apache.catalina.core.StandardEngine  : Starting Servlet engine: [Apache Tomcat/9.0.62]
2023-11-06 13:54:27.089  INFO 14672 --- [restartedMain] o.a.c.c.C.[Tomcat].[localhost].[/]       : Initializing Spring embedded WebApplicationContext
2023-11-06 13:54:27.089  INFO 14672 --- [restartedMain] w.s.c.ServletWebServerApplicationContext : Root WebApplicationContext: initialization completed in 2074 ms
2023-11-06 13:54:27.289  INFO 14672 --- [restartedMain] c.a.d.s.b.a.DruidDataSourceAutoConfigure : Init DruidDataSource
2023-11-06 13:54:27.432  INFO 14672 --- [restartedMain] com.alibaba.druid.pool.DruidDataSource   : {dataSource-1} inited
2023-11-06 13:54:29.138  INFO 14672 --- [restartedMain] o.s.b.d.a.OptionalLiveReloadServer       : LiveReload server is running on port 35729
2023-11-06 13:54:29.226  INFO 14672 --- [restartedMain] o.s.b.w.embedded.tomcat.TomcatWebServer  : Tomcat started on port(s): 80 (http) with context path ''
2023-11-06 13:54:29.242  INFO 14672 --- [restartedMain] com.cx.atm.AtmApplication                : Started AtmApplication in 5.298 seconds (JVM running for 7.773)
