2023-11-06 23:36:04.023  WARN 20408 --- [http-nio-80-exec-2] c.a.druid.pool.DruidAbstractDataSource   : discard long time none received connection. , jdbcUrl : jdbc:mysql://localhost:3306/dbc?serverTimezone=UTC, version : 1.2.8, lastPacketReceivedIdleMillis : 130662
2023-11-06 23:36:15.758  INFO 20408 --- [SpringApplicationShutdownHook] com.alibaba.druid.pool.DruidDataSource   : {dataSource-1} closing ...
2023-11-06 23:36:15.765  INFO 20408 --- [SpringApplicationShutdownHook] com.alibaba.druid.pool.DruidDataSource   : {dataSource-1} closed
2023-11-06 23:36:24.563  INFO 19112 --- [restartedMain] com.cx.atm.AtmApplication                : Starting AtmApplication using Java 1.8.0_381 on PC-20230329ZZGJ with PID 19112 (D:\JAVA\Spring\atm\target\classes started by 晨曦 in D:\JAVA\Spring\atm)
2023-11-06 23:36:24.568  INFO 19112 --- [restartedMain] com.cx.atm.AtmApplication                : No active profile set, falling back to 1 default profile: "default"
2023-11-06 23:36:24.667  INFO 19112 --- [restartedMain] .e.DevToolsPropertyDefaultsPostProcessor : Devtools property defaults active! Set 'spring.devtools.add-properties' to 'false' to disable
2023-11-06 23:36:24.667  INFO 19112 --- [restartedMain] .e.DevToolsPropertyDefaultsPostProcessor : For additional web related logging consider setting the 'logging.level.web' property to 'DEBUG'
2023-11-06 23:36:26.803  INFO 19112 --- [restartedMain] o.s.b.w.embedded.tomcat.TomcatWebServer  : Tomcat initialized with port(s): 80 (http)
2023-11-06 23:36:26.830  INFO 19112 --- [restartedMain] o.apache.catalina.core.StandardService   : Starting service [Tomcat]
2023-11-06 23:36:26.831  INFO 19112 --- [restartedMain] org.apache.catalina.core.StandardEngine  : Starting Servlet engine: [Apache Tomcat/9.0.62]
2023-11-06 23:36:27.037  INFO 19112 --- [restartedMain] o.a.c.c.C.[Tomcat].[localhost].[/]       : Initializing Spring embedded WebApplicationContext
2023-11-06 23:36:27.038  INFO 19112 --- [restartedMain] w.s.c.ServletWebServerApplicationContext : Root WebApplicationContext: initialization completed in 2369 ms
2023-11-06 23:36:27.390  INFO 19112 --- [restartedMain] c.a.d.s.b.a.DruidDataSourceAutoConfigure : Init DruidDataSource
2023-11-06 23:36:27.602  INFO 19112 --- [restartedMain] com.alibaba.druid.pool.DruidDataSource   : {dataSource-1} inited
2023-11-06 23:36:29.697  INFO 19112 --- [restartedMain] o.s.b.d.a.OptionalLiveReloadServer       : LiveReload server is running on port 35729
2023-11-06 23:36:29.754  INFO 19112 --- [restartedMain] o.s.b.w.embedded.tomcat.TomcatWebServer  : Tomcat started on port(s): 80 (http) with context path ''
2023-11-06 23:36:29.770  INFO 19112 --- [restartedMain] com.cx.atm.AtmApplication                : Started AtmApplication in 6.416 seconds (JVM running for 8.943)
2023-11-06 23:36:30.025  INFO 19112 --- [http-nio-80-exec-1] o.a.c.c.C.[Tomcat].[localhost].[/]       : Initializing Spring DispatcherServlet 'dispatcherServlet'
2023-11-06 23:36:30.026  INFO 19112 --- [http-nio-80-exec-1] o.s.web.servlet.DispatcherServlet        : Initializing Servlet 'dispatcherServlet'
2023-11-06 23:36:30.028  INFO 19112 --- [http-nio-80-exec-1] o.s.web.servlet.DispatcherServlet        : Completed initialization in 1 ms
2023-11-06 23:37:10.505  INFO 19112 --- [http-nio-80-exec-4] c.cx.atm.controller.AccountsController   : Account{userName='沈伟', cardId=43256785, passWord='312356', sex='男', money=100000.0, limit=0.0}
2023-11-06 23:37:12.949  INFO 19112 --- [http-nio-80-exec-4] c.cx.atm.controller.AccountsController   : 登录成功：Account{userName='沈伟', cardId=43256785, passWord='312356', sex='男', money=100000.0, limit=0.0}
2023-11-06 23:39:38.891  INFO 19112 --- [SpringApplicationShutdownHook] com.alibaba.druid.pool.DruidDataSource   : {dataSource-1} closing ...
2023-11-06 23:39:38.897  INFO 19112 --- [SpringApplicationShutdownHook] com.alibaba.druid.pool.DruidDataSource   : {dataSource-1} closed
2023-11-06 23:40:26.157  INFO 12548 --- [restartedMain] com.cx.atm.AtmApplication                : Starting AtmApplication using Java 1.8.0_381 on PC-20230329ZZGJ with PID 12548 (D:\JAVA\Spring\atm\target\classes started by 晨曦 in D:\JAVA\Spring\atm)
2023-11-06 23:40:26.161  INFO 12548 --- [restartedMain] com.cx.atm.AtmApplication                : No active profile set, falling back to 1 default profile: "default"
2023-11-06 23:40:26.256  INFO 12548 --- [restartedMain] .e.DevToolsPropertyDefaultsPostProcessor : Devtools property defaults active! Set 'spring.devtools.add-properties' to 'false' to disable
2023-11-06 23:40:26.256  INFO 12548 --- [restartedMain] .e.DevToolsPropertyDefaultsPostProcessor : For additional web related logging consider setting the 'logging.level.web' property to 'DEBUG'
2023-11-06 23:40:28.545  INFO 12548 --- [restartedMain] o.s.b.w.embedded.tomcat.TomcatWebServer  : Tomcat initialized with port(s): 80 (http)
2023-11-06 23:40:28.581  INFO 12548 --- [restartedMain] o.apache.catalina.core.StandardService   : Starting service [Tomcat]
2023-11-06 23:40:28.582  INFO 12548 --- [restartedMain] org.apache.catalina.core.StandardEngine  : Starting Servlet engine: [Apache Tomcat/9.0.62]
2023-11-06 23:40:28.789  INFO 12548 --- [restartedMain] o.a.c.c.C.[Tomcat].[localhost].[/]       : Initializing Spring embedded WebApplicationContext
2023-11-06 23:40:28.800  INFO 12548 --- [restartedMain] w.s.c.ServletWebServerApplicationContext : Root WebApplicationContext: initialization completed in 2542 ms
2023-11-06 23:40:29.063  INFO 12548 --- [restartedMain] c.a.d.s.b.a.DruidDataSourceAutoConfigure : Init DruidDataSource
2023-11-06 23:40:29.266  INFO 12548 --- [restartedMain] com.alibaba.druid.pool.DruidDataSource   : {dataSource-1} inited
2023-11-06 23:40:31.414  INFO 12548 --- [restartedMain] o.s.b.d.a.OptionalLiveReloadServer       : LiveReload server is running on port 35729
2023-11-06 23:40:31.493  INFO 12548 --- [restartedMain] o.s.b.w.embedded.tomcat.TomcatWebServer  : Tomcat started on port(s): 80 (http) with context path ''
2023-11-06 23:40:31.510  INFO 12548 --- [restartedMain] com.cx.atm.AtmApplication                : Started AtmApplication in 6.587 seconds (JVM running for 9.268)
2023-11-06 23:40:45.242  INFO 12548 --- [http-nio-80-exec-1] o.a.c.c.C.[Tomcat].[localhost].[/]       : Initializing Spring DispatcherServlet 'dispatcherServlet'
2023-11-06 23:40:45.253  INFO 12548 --- [http-nio-80-exec-1] o.s.web.servlet.DispatcherServlet        : Initializing Servlet 'dispatcherServlet'
2023-11-06 23:40:45.263  INFO 12548 --- [http-nio-80-exec-1] o.s.web.servlet.DispatcherServlet        : Completed initialization in 1 ms
2023-11-06 23:40:53.999  WARN 12548 --- [http-nio-80-exec-3] .m.m.a.ExceptionHandlerExceptionResolver : Resolved [java.lang.NullPointerException]
2023-11-06 23:41:52.844  INFO 12548 --- [http-nio-80-exec-2] c.cx.atm.controller.AccountsController   : Account{userName='沈伟', cardId=43256785, passWord='312356', sex='男', money=100000.0, limit=0.0}
2023-11-06 23:42:19.733  INFO 12548 --- [http-nio-80-exec-2] c.cx.atm.controller.AccountsController   : 登录成功：Account{userName='沈伟', cardId=43256785, passWord='312356', sex='男', money=100000.0, limit=0.0}
2023-11-06 23:42:26.363  INFO 12548 --- [http-nio-80-exec-5] c.cx.atm.controller.AccountsController   : 账户ID: 43256785
2023-11-06 23:44:31.243  INFO 12548 --- [http-nio-80-exec-6] c.cx.atm.controller.AccountsController   : 账户ID: 43256785
2023-11-06 23:44:31.279  WARN 12548 --- [http-nio-80-exec-6] c.a.druid.pool.DruidAbstractDataSource   : discard long time none received connection. , jdbcUrl : jdbc:mysql://localhost:3306/dbc?serverTimezone=UTC, version : 1.2.8, lastPacketReceivedIdleMillis : 124884
2023-11-06 23:45:01.199  INFO 12548 --- [http-nio-80-exec-7] c.cx.atm.controller.AccountsController   : Account{userName='沈伟', cardId=43256785, passWord='312356', sex='男', money=100000.0, limit=0.0}
2023-11-06 23:45:12.084  INFO 12548 --- [http-nio-80-exec-7] c.cx.atm.controller.AccountsController   : 登录成功：Account{userName='沈伟', cardId=43256785, passWord='312356', sex='男', money=100000.0, limit=0.0}
2023-11-06 23:45:22.312  INFO 12548 --- [http-nio-80-exec-8] c.cx.atm.controller.AccountsController   : 账户ID: 43256785
2023-11-06 23:45:47.695  INFO 12548 --- [http-nio-80-exec-9] c.cx.atm.controller.AccountsController   : 账户ID: 43256785
2023-11-06 23:50:00.094  INFO 12548 --- [http-nio-80-exec-9] c.cx.atm.controller.AccountsController   : 账户ID: 43256785
2023-11-06 23:50:00.106  WARN 12548 --- [http-nio-80-exec-9] c.a.druid.pool.DruidAbstractDataSource   : discard long time none received connection. , jdbcUrl : jdbc:mysql://localhost:3306/dbc?serverTimezone=UTC, version : 1.2.8, lastPacketReceivedIdleMillis : 252398
