2023-11-06 23:51:58.395  INFO 12548 --- [http-nio-80-exec-7] c.cx.atm.controller.AccountsController   : 账户ID: 43256785
2023-11-06 23:51:58.402  WARN 12548 --- [http-nio-80-exec-7] c.a.druid.pool.DruidAbstractDataSource   : discard long time none received connection. , jdbcUrl : jdbc:mysql://localhost:3306/dbc?serverTimezone=UTC, version : 1.2.8, lastPacketReceivedIdleMillis : 118268
2023-11-06 23:59:13.865  INFO 12548 --- [SpringApplicationShutdownHook] com.alibaba.druid.pool.DruidDataSource   : {dataSource-1} closing ...
2023-11-06 23:59:13.871  INFO 12548 --- [SpringApplicationShutdownHook] com.alibaba.druid.pool.DruidDataSource   : {dataSource-1} closed
2023-11-06 23:59:48.927  INFO 10208 --- [restartedMain] com.cx.atm.AtmApplication                : Starting AtmApplication using Java 1.8.0_381 on PC-20230329ZZGJ with PID 10208 (D:\JAVA\Spring\atm\target\classes started by 晨曦 in D:\JAVA\Spring\atm)
2023-11-06 23:59:48.956  INFO 10208 --- [restartedMain] com.cx.atm.AtmApplication                : No active profile set, falling back to 1 default profile: "default"
2023-11-06 23:59:49.025  INFO 10208 --- [restartedMain] .e.DevToolsPropertyDefaultsPostProcessor : Devtools property defaults active! Set 'spring.devtools.add-properties' to 'false' to disable
2023-11-06 23:59:49.026  INFO 10208 --- [restartedMain] .e.DevToolsPropertyDefaultsPostProcessor : For additional web related logging consider setting the 'logging.level.web' property to 'DEBUG'
2023-11-06 23:59:50.773  INFO 10208 --- [restartedMain] o.s.b.w.embedded.tomcat.TomcatWebServer  : Tomcat initialized with port(s): 80 (http)
2023-11-06 23:59:50.785  INFO 10208 --- [restartedMain] o.apache.catalina.core.StandardService   : Starting service [Tomcat]
2023-11-06 23:59:50.785  INFO 10208 --- [restartedMain] org.apache.catalina.core.StandardEngine  : Starting Servlet engine: [Apache Tomcat/9.0.62]
2023-11-06 23:59:50.937  INFO 10208 --- [restartedMain] o.a.c.c.C.[Tomcat].[localhost].[/]       : Initializing Spring embedded WebApplicationContext
2023-11-06 23:59:50.938  INFO 10208 --- [restartedMain] w.s.c.ServletWebServerApplicationContext : Root WebApplicationContext: initialization completed in 1911 ms
2023-11-06 23:59:51.120  INFO 10208 --- [restartedMain] c.a.d.s.b.a.DruidDataSourceAutoConfigure : Init DruidDataSource
2023-11-06 23:59:51.268  INFO 10208 --- [restartedMain] com.alibaba.druid.pool.DruidDataSource   : {dataSource-1} inited
2023-11-06 23:59:53.052  INFO 10208 --- [restartedMain] o.s.b.d.a.OptionalLiveReloadServer       : LiveReload server is running on port 35729
2023-11-06 23:59:53.097  INFO 10208 --- [restartedMain] o.s.b.w.embedded.tomcat.TomcatWebServer  : Tomcat started on port(s): 80 (http) with context path ''
2023-11-06 23:59:53.110  INFO 10208 --- [restartedMain] com.cx.atm.AtmApplication                : Started AtmApplication in 5.212 seconds (JVM running for 7.497)
2023-11-07 00:00:38.282  INFO 10208 --- [http-nio-80-exec-1] o.a.c.c.C.[Tomcat].[localhost].[/]       : Initializing Spring DispatcherServlet 'dispatcherServlet'
2023-11-07 00:00:38.296  INFO 10208 --- [http-nio-80-exec-1] o.s.web.servlet.DispatcherServlet        : Initializing Servlet 'dispatcherServlet'
2023-11-07 00:00:38.298  INFO 10208 --- [http-nio-80-exec-1] o.s.web.servlet.DispatcherServlet        : Completed initialization in 2 ms
2023-11-07 00:00:59.476  INFO 10208 --- [http-nio-80-exec-6] c.cx.atm.controller.AccountsController   : Account{userName='沈伟', cardId=43256785, passWord='312356', sex='男', money=100000.0, limitMoney=100000.0}
2023-11-07 00:00:59.477  INFO 10208 --- [http-nio-80-exec-6] c.cx.atm.controller.AccountsController   : 登录成功：Account{userName='沈伟', cardId=43256785, passWord='312356', sex='男', money=100000.0, limitMoney=100000.0}
2023-11-07 00:01:03.256  INFO 10208 --- [http-nio-80-exec-3] c.cx.atm.controller.AccountsController   : 账户ID: 43256785
2023-11-07 00:05:39.251  INFO 10208 --- [http-nio-80-exec-6] c.cx.atm.controller.AccountsController   : 账户ID: 43256785
2023-11-07 00:05:39.269  WARN 10208 --- [http-nio-80-exec-6] c.a.druid.pool.DruidAbstractDataSource   : discard long time none received connection. , jdbcUrl : jdbc:mysql://localhost:3306/dbc?serverTimezone=UTC, version : 1.2.8, lastPacketReceivedIdleMillis : 275997
