2023-11-05 21:34:50.186  WARN 22252 --- [http-nio-80-exec-2] c.a.druid.pool.DruidAbstractDataSource   : discard long time none received connection. , jdbcUrl : jdbc:mysql://localhost:3306/dbc?serverTimezone=UTC, version : 1.2.8, lastPacketReceivedIdleMillis : 209660
2023-11-05 21:34:50.406  WARN 22252 --- [http-nio-80-exec-2] .m.m.a.ExceptionHandlerExceptionResolver : Resolved [org.springframework.dao.DuplicateKeyException: <EOL><EOL>### Error updating database.  Cause: java.sql.SQLIntegrityConstraintViolationException: Duplicate entry '2937908' for key 'accounts.PRIMARY'<EOL><EOL>### The error may exist in com/cx/atm/mapper/AccountsMapper.java (best guess)<EOL><EOL>### The error may involve com.cx.atm.mapper.AccountsMapper.insertAccount-Inline<EOL><EOL>### The error occurred while setting parameters<EOL><EOL>### SQL: INSERT INTO accounts(UserName,CardId,Password,Sex,limitmoney) VALUES (?,?,?,?,?)<EOL><EOL>### Cause: java.sql.SQLIntegrityConstraintViolationException: Duplicate entry '2937908' for key 'accounts.PRIMARY'<EOL>; Duplicate entry '2937908' for key 'accounts.PRIMARY'; nested exception is java.sql.SQLIntegrityConstraintViolationException: Duplicate entry '2937908' for key 'accounts.PRIMARY']
2023-11-05 21:34:50.903  INFO 22252 --- [SpringApplicationShutdownHook] com.alibaba.druid.pool.DruidDataSource   : {dataSource-1} closing ...
2023-11-05 21:34:50.909  INFO 22252 --- [SpringApplicationShutdownHook] com.alibaba.druid.pool.DruidDataSource   : {dataSource-1} closed
2023-11-05 21:35:03.995  INFO 18928 --- [restartedMain] com.cx.atm.AtmApplication                : Starting AtmApplication using Java 1.8.0_381 on PC-20230329ZZGJ with PID 18928 (D:\JAVA\Spring\atm\target\classes started by 晨曦 in D:\JAVA\Spring\atm)
2023-11-05 21:35:03.997  INFO 18928 --- [restartedMain] com.cx.atm.AtmApplication                : No active profile set, falling back to 1 default profile: "default"
2023-11-05 21:35:04.067  INFO 18928 --- [restartedMain] .e.DevToolsPropertyDefaultsPostProcessor : Devtools property defaults active! Set 'spring.devtools.add-properties' to 'false' to disable
2023-11-05 21:35:04.068  INFO 18928 --- [restartedMain] .e.DevToolsPropertyDefaultsPostProcessor : For additional web related logging consider setting the 'logging.level.web' property to 'DEBUG'
2023-11-05 21:35:05.687  INFO 18928 --- [restartedMain] o.s.b.w.embedded.tomcat.TomcatWebServer  : Tomcat initialized with port(s): 80 (http)
2023-11-05 21:35:05.699  INFO 18928 --- [restartedMain] o.apache.catalina.core.StandardService   : Starting service [Tomcat]
2023-11-05 21:35:05.700  INFO 18928 --- [restartedMain] org.apache.catalina.core.StandardEngine  : Starting Servlet engine: [Apache Tomcat/9.0.62]
2023-11-05 21:35:05.848  INFO 18928 --- [restartedMain] o.a.c.c.C.[Tomcat].[localhost].[/]       : Initializing Spring embedded WebApplicationContext
2023-11-05 21:35:05.849  INFO 18928 --- [restartedMain] w.s.c.ServletWebServerApplicationContext : Root WebApplicationContext: initialization completed in 1779 ms
2023-11-05 21:35:06.017  INFO 18928 --- [restartedMain] c.a.d.s.b.a.DruidDataSourceAutoConfigure : Init DruidDataSource
2023-11-05 21:35:06.163  INFO 18928 --- [restartedMain] com.alibaba.druid.pool.DruidDataSource   : {dataSource-1} inited
2023-11-05 21:35:07.821  INFO 18928 --- [restartedMain] o.s.b.d.a.OptionalLiveReloadServer       : LiveReload server is running on port 35729
2023-11-05 21:35:07.865  INFO 18928 --- [restartedMain] o.s.b.w.embedded.tomcat.TomcatWebServer  : Tomcat started on port(s): 80 (http) with context path ''
2023-11-05 21:35:07.879  INFO 18928 --- [restartedMain] com.cx.atm.AtmApplication                : Started AtmApplication in 4.685 seconds (JVM running for 6.796)
2023-11-05 21:35:44.514  INFO 6372 --- [restartedMain] com.cx.atm.AtmApplication                : Starting AtmApplication using Java 1.8.0_381 on PC-20230329ZZGJ with PID 6372 (D:\JAVA\Spring\atm\target\classes started by 晨曦 in D:\JAVA\Spring\atm)
2023-11-05 21:35:44.516  INFO 6372 --- [restartedMain] com.cx.atm.AtmApplication                : No active profile set, falling back to 1 default profile: "default"
2023-11-05 21:35:44.578  INFO 6372 --- [restartedMain] .e.DevToolsPropertyDefaultsPostProcessor : Devtools property defaults active! Set 'spring.devtools.add-properties' to 'false' to disable
2023-11-05 21:35:44.579  INFO 6372 --- [restartedMain] .e.DevToolsPropertyDefaultsPostProcessor : For additional web related logging consider setting the 'logging.level.web' property to 'DEBUG'
2023-11-05 21:35:46.181  INFO 6372 --- [restartedMain] o.s.b.w.embedded.tomcat.TomcatWebServer  : Tomcat initialized with port(s): 80 (http)
2023-11-05 21:35:46.207  INFO 6372 --- [restartedMain] o.apache.catalina.core.StandardService   : Starting service [Tomcat]
2023-11-05 21:35:46.208  INFO 6372 --- [restartedMain] org.apache.catalina.core.StandardEngine  : Starting Servlet engine: [Apache Tomcat/9.0.62]
2023-11-05 21:35:46.355  INFO 6372 --- [restartedMain] o.a.c.c.C.[Tomcat].[localhost].[/]       : Initializing Spring embedded WebApplicationContext
2023-11-05 21:35:46.363  INFO 6372 --- [restartedMain] w.s.c.ServletWebServerApplicationContext : Root WebApplicationContext: initialization completed in 1783 ms
2023-11-05 21:35:46.556  INFO 6372 --- [restartedMain] c.a.d.s.b.a.DruidDataSourceAutoConfigure : Init DruidDataSource
2023-11-05 21:35:46.699  INFO 6372 --- [restartedMain] com.alibaba.druid.pool.DruidDataSource   : {dataSource-1} inited
2023-11-05 21:35:48.398  INFO 6372 --- [restartedMain] o.s.b.d.a.OptionalLiveReloadServer       : LiveReload server is running on port 35729
2023-11-05 21:35:48.448  INFO 6372 --- [restartedMain] o.s.b.w.embedded.tomcat.TomcatWebServer  : Tomcat started on port(s): 80 (http) with context path ''
2023-11-05 21:35:48.460  INFO 6372 --- [restartedMain] com.cx.atm.AtmApplication                : Started AtmApplication in 4.766 seconds (JVM running for 6.694)
2023-11-05 21:35:54.986  INFO 6372 --- [http-nio-80-exec-1] o.a.c.c.C.[Tomcat].[localhost].[/]       : Initializing Spring DispatcherServlet 'dispatcherServlet'
2023-11-05 21:35:55.001  INFO 6372 --- [http-nio-80-exec-1] o.s.web.servlet.DispatcherServlet        : Initializing Servlet 'dispatcherServlet'
2023-11-05 21:35:55.013  INFO 6372 --- [http-nio-80-exec-1] o.s.web.servlet.DispatcherServlet        : Completed initialization in 1 ms
2023-11-05 21:36:50.061  INFO 6372 --- [http-nio-80-exec-5] c.cx.atm.controller.AccountsController   : 开户添加完成
2023-11-05 21:36:50.230  WARN 6372 --- [http-nio-80-exec-4] .m.m.a.ExceptionHandlerExceptionResolver : Resolved [org.springframework.dao.DuplicateKeyException: <EOL><EOL>### Error updating database.  Cause: java.sql.SQLIntegrityConstraintViolationException: Duplicate entry '1190786' for key 'accounts.PRIMARY'<EOL><EOL>### The error may exist in com/cx/atm/mapper/AccountsMapper.java (best guess)<EOL><EOL>### The error may involve com.cx.atm.mapper.AccountsMapper.insertAccount-Inline<EOL><EOL>### The error occurred while setting parameters<EOL><EOL>### SQL: INSERT INTO accounts(UserName,CardId,Password,Sex,limitmoney) VALUES (?,?,?,?,?)<EOL><EOL>### Cause: java.sql.SQLIntegrityConstraintViolationException: Duplicate entry '1190786' for key 'accounts.PRIMARY'<EOL>; Duplicate entry '1190786' for key 'accounts.PRIMARY'; nested exception is java.sql.SQLIntegrityConstraintViolationException: Duplicate entry '1190786' for key 'accounts.PRIMARY']
2023-11-05 21:37:57.345  WARN 6372 --- [http-nio-80-exec-9] c.a.druid.pool.DruidAbstractDataSource   : discard long time none received connection. , jdbcUrl : jdbc:mysql://localhost:3306/dbc?serverTimezone=UTC, version : 1.2.8, lastPacketReceivedIdleMillis : 67258
2023-11-05 21:37:57.345  WARN 6372 --- [http-nio-80-exec-1] c.a.druid.pool.DruidAbstractDataSource   : discard long time none received connection. , jdbcUrl : jdbc:mysql://localhost:3306/dbc?serverTimezone=UTC, version : 1.2.8, lastPacketReceivedIdleMillis : 67268
2023-11-05 21:37:57.373  INFO 6372 --- [http-nio-80-exec-9] c.cx.atm.controller.AccountsController   : 开户添加完成
2023-11-05 21:37:57.380  WARN 6372 --- [http-nio-80-exec-1] .m.m.a.ExceptionHandlerExceptionResolver : Resolved [org.springframework.dao.DuplicateKeyException: <EOL><EOL>### Error updating database.  Cause: java.sql.SQLIntegrityConstraintViolationException: Duplicate entry '1190786' for key 'accounts.PRIMARY'<EOL><EOL>### The error may exist in com/cx/atm/mapper/AccountsMapper.java (best guess)<EOL><EOL>### The error may involve com.cx.atm.mapper.AccountsMapper.insertAccount-Inline<EOL><EOL>### The error occurred while setting parameters<EOL><EOL>### SQL: INSERT INTO accounts(UserName,CardId,Password,Sex,limitmoney) VALUES (?,?,?,?,?)<EOL><EOL>### Cause: java.sql.SQLIntegrityConstraintViolationException: Duplicate entry '1190786' for key 'accounts.PRIMARY'<EOL>; Duplicate entry '1190786' for key 'accounts.PRIMARY'; nested exception is java.sql.SQLIntegrityConstraintViolationException: Duplicate entry '1190786' for key 'accounts.PRIMARY']
2023-11-05 21:40:00.806  INFO 21748 --- [restartedMain] com.cx.atm.AtmApplication                : Starting AtmApplication using Java 1.8.0_381 on PC-20230329ZZGJ with PID 21748 (D:\JAVA\Spring\atm\target\classes started by 晨曦 in D:\JAVA\Spring\atm)
2023-11-05 21:40:00.809  INFO 21748 --- [restartedMain] com.cx.atm.AtmApplication                : No active profile set, falling back to 1 default profile: "default"
2023-11-05 21:40:00.883  INFO 21748 --- [restartedMain] .e.DevToolsPropertyDefaultsPostProcessor : Devtools property defaults active! Set 'spring.devtools.add-properties' to 'false' to disable
2023-11-05 21:40:00.883  INFO 21748 --- [restartedMain] .e.DevToolsPropertyDefaultsPostProcessor : For additional web related logging consider setting the 'logging.level.web' property to 'DEBUG'
2023-11-05 21:40:02.944  INFO 21748 --- [restartedMain] o.s.b.w.embedded.tomcat.TomcatWebServer  : Tomcat initialized with port(s): 80 (http)
2023-11-05 21:40:02.978  INFO 21748 --- [restartedMain] o.apache.catalina.core.StandardService   : Starting service [Tomcat]
2023-11-05 21:40:02.978  INFO 21748 --- [restartedMain] org.apache.catalina.core.StandardEngine  : Starting Servlet engine: [Apache Tomcat/9.0.62]
2023-11-05 21:40:03.189  INFO 21748 --- [restartedMain] o.a.c.c.C.[Tomcat].[localhost].[/]       : Initializing Spring embedded WebApplicationContext
2023-11-05 21:40:03.200  INFO 21748 --- [restartedMain] w.s.c.ServletWebServerApplicationContext : Root WebApplicationContext: initialization completed in 2316 ms
2023-11-05 21:40:04.138  INFO 21748 --- [restartedMain] c.a.d.s.b.a.DruidDataSourceAutoConfigure : Init DruidDataSource
2023-11-05 21:40:04.435  INFO 21748 --- [restartedMain] com.alibaba.druid.pool.DruidDataSource   : {dataSource-1} inited
2023-11-05 21:40:07.091  INFO 21748 --- [restartedMain] o.s.b.d.a.OptionalLiveReloadServer       : LiveReload server is running on port 35729
2023-11-05 21:40:07.225  INFO 21748 --- [restartedMain] o.s.b.w.embedded.tomcat.TomcatWebServer  : Tomcat started on port(s): 80 (http) with context path ''
2023-11-05 21:40:07.265  INFO 21748 --- [restartedMain] com.cx.atm.AtmApplication                : Started AtmApplication in 7.432 seconds (JVM running for 9.924)
2023-11-05 21:40:22.978  INFO 21748 --- [http-nio-80-exec-2] o.a.c.c.C.[Tomcat].[localhost].[/]       : Initializing Spring DispatcherServlet 'dispatcherServlet'
2023-11-05 21:40:22.992  INFO 21748 --- [http-nio-80-exec-2] o.s.web.servlet.DispatcherServlet        : Initializing Servlet 'dispatcherServlet'
2023-11-05 21:40:23.002  INFO 21748 --- [http-nio-80-exec-2] o.s.web.servlet.DispatcherServlet        : Completed initialization in 1 ms
2023-11-05 21:41:49.224  INFO 21748 --- [http-nio-80-exec-8] c.cx.atm.controller.AccountsController   : 开户添加完成
2023-11-05 21:43:25.443  WARN 21748 --- [http-nio-80-exec-7] .m.m.a.ExceptionHandlerExceptionResolver : Resolved [org.springframework.dao.DuplicateKeyException: <EOL><EOL>### Error updating database.  Cause: java.sql.SQLIntegrityConstraintViolationException: Duplicate entry '11907767' for key 'accounts.PRIMARY'<EOL><EOL>### The error may exist in com/cx/atm/mapper/AccountsMapper.java (best guess)<EOL><EOL>### The error may involve com.cx.atm.mapper.AccountsMapper.insertAccount-Inline<EOL><EOL>### The error occurred while setting parameters<EOL><EOL>### SQL: INSERT INTO accounts(UserName,CardId,Password,Sex,limitmoney) VALUES (?,?,?,?,?)<EOL><EOL>### Cause: java.sql.SQLIntegrityConstraintViolationException: Duplicate entry '11907767' for key 'accounts.PRIMARY'<EOL>; Duplicate entry '11907767' for key 'accounts.PRIMARY'; nested exception is java.sql.SQLIntegrityConstraintViolationException: Duplicate entry '11907767' for key 'accounts.PRIMARY']
2023-11-05 21:43:26.185  INFO 21748 --- [SpringApplicationShutdownHook] com.alibaba.druid.pool.DruidDataSource   : {dataSource-1} closing ...
2023-11-05 21:43:26.205  INFO 21748 --- [SpringApplicationShutdownHook] com.alibaba.druid.pool.DruidDataSource   : {dataSource-1} closed
2023-11-05 21:43:32.534  INFO 22000 --- [restartedMain] com.cx.atm.AtmApplication                : Starting AtmApplication using Java 1.8.0_381 on PC-20230329ZZGJ with PID 22000 (D:\JAVA\Spring\atm\target\classes started by 晨曦 in D:\JAVA\Spring\atm)
2023-11-05 21:43:32.538  INFO 22000 --- [restartedMain] com.cx.atm.AtmApplication                : No active profile set, falling back to 1 default profile: "default"
2023-11-05 21:43:32.618  INFO 22000 --- [restartedMain] .e.DevToolsPropertyDefaultsPostProcessor : Devtools property defaults active! Set 'spring.devtools.add-properties' to 'false' to disable
2023-11-05 21:43:32.619  INFO 22000 --- [restartedMain] .e.DevToolsPropertyDefaultsPostProcessor : For additional web related logging consider setting the 'logging.level.web' property to 'DEBUG'
2023-11-05 21:43:34.832  INFO 22000 --- [restartedMain] o.s.b.w.embedded.tomcat.TomcatWebServer  : Tomcat initialized with port(s): 80 (http)
2023-11-05 21:43:34.879  INFO 22000 --- [restartedMain] o.apache.catalina.core.StandardService   : Starting service [Tomcat]
2023-11-05 21:43:34.880  INFO 22000 --- [restartedMain] org.apache.catalina.core.StandardEngine  : Starting Servlet engine: [Apache Tomcat/9.0.62]
2023-11-05 21:43:35.075  INFO 22000 --- [restartedMain] o.a.c.c.C.[Tomcat].[localhost].[/]       : Initializing Spring embedded WebApplicationContext
2023-11-05 21:43:35.084  INFO 22000 --- [restartedMain] w.s.c.ServletWebServerApplicationContext : Root WebApplicationContext: initialization completed in 2464 ms
2023-11-05 21:43:35.965  INFO 22000 --- [restartedMain] c.a.d.s.b.a.DruidDataSourceAutoConfigure : Init DruidDataSource
2023-11-05 21:43:36.345  INFO 22000 --- [restartedMain] com.alibaba.druid.pool.DruidDataSource   : {dataSource-1} inited
2023-11-05 21:43:39.265  INFO 22000 --- [restartedMain] o.s.b.d.a.OptionalLiveReloadServer       : LiveReload server is running on port 35729
2023-11-05 21:43:39.404  INFO 22000 --- [restartedMain] o.s.b.w.embedded.tomcat.TomcatWebServer  : Tomcat started on port(s): 80 (http) with context path ''
2023-11-05 21:43:39.441  INFO 22000 --- [restartedMain] com.cx.atm.AtmApplication                : Started AtmApplication in 8.022 seconds (JVM running for 10.468)
2023-11-05 21:43:39.754  INFO 22000 --- [http-nio-80-exec-2] o.a.c.c.C.[Tomcat].[localhost].[/]       : Initializing Spring DispatcherServlet 'dispatcherServlet'
2023-11-05 21:43:39.754  INFO 22000 --- [http-nio-80-exec-2] o.s.web.servlet.DispatcherServlet        : Initializing Servlet 'dispatcherServlet'
2023-11-05 21:43:39.770  INFO 22000 --- [http-nio-80-exec-2] o.s.web.servlet.DispatcherServlet        : Completed initialization in 1 ms
2023-11-05 21:44:52.522  INFO 22000 --- [http-nio-80-exec-7] c.cx.atm.controller.AccountsController   : 开户添加完成
2023-11-05 21:45:54.738  WARN 22000 --- [http-nio-80-exec-6] .m.m.a.ExceptionHandlerExceptionResolver : Resolved [org.springframework.dao.DuplicateKeyException: <EOL><EOL>### Error updating database.  Cause: java.sql.SQLIntegrityConstraintViolationException: Duplicate entry '1190756' for key 'accounts.PRIMARY'<EOL><EOL>### The error may exist in com/cx/atm/mapper/AccountsMapper.java (best guess)<EOL><EOL>### The error may involve com.cx.atm.mapper.AccountsMapper.insertAccount-Inline<EOL><EOL>### The error occurred while setting parameters<EOL><EOL>### SQL: INSERT INTO accounts(UserName,CardId,Password,Sex,limitmoney) VALUES (?,?,?,?,?)<EOL><EOL>### Cause: java.sql.SQLIntegrityConstraintViolationException: Duplicate entry '1190756' for key 'accounts.PRIMARY'<EOL>; Duplicate entry '1190756' for key 'accounts.PRIMARY'; nested exception is java.sql.SQLIntegrityConstraintViolationException: Duplicate entry '1190756' for key 'accounts.PRIMARY']
2023-11-05 21:48:09.160  INFO 22000 --- [SpringApplicationShutdownHook] com.alibaba.druid.pool.DruidDataSource   : {dataSource-1} closing ...
2023-11-05 21:48:09.177  INFO 22000 --- [SpringApplicationShutdownHook] com.alibaba.druid.pool.DruidDataSource   : {dataSource-1} closed
2023-11-05 21:48:24.518  INFO 18792 --- [restartedMain] com.cx.atm.AtmApplication                : Starting AtmApplication using Java 1.8.0_381 on PC-20230329ZZGJ with PID 18792 (D:\JAVA\Spring\atm\target\classes started by 晨曦 in D:\JAVA\Spring\atm)
2023-11-05 21:48:24.520  INFO 18792 --- [restartedMain] com.cx.atm.AtmApplication                : No active profile set, falling back to 1 default profile: "default"
2023-11-05 21:48:24.591  INFO 18792 --- [restartedMain] .e.DevToolsPropertyDefaultsPostProcessor : Devtools property defaults active! Set 'spring.devtools.add-properties' to 'false' to disable
2023-11-05 21:48:24.592  INFO 18792 --- [restartedMain] .e.DevToolsPropertyDefaultsPostProcessor : For additional web related logging consider setting the 'logging.level.web' property to 'DEBUG'
2023-11-05 21:48:26.669  INFO 18792 --- [restartedMain] o.s.b.w.embedded.tomcat.TomcatWebServer  : Tomcat initialized with port(s): 80 (http)
2023-11-05 21:48:26.702  INFO 18792 --- [restartedMain] o.apache.catalina.core.StandardService   : Starting service [Tomcat]
2023-11-05 21:48:26.703  INFO 18792 --- [restartedMain] org.apache.catalina.core.StandardEngine  : Starting Servlet engine: [Apache Tomcat/9.0.62]
2023-11-05 21:48:26.873  INFO 18792 --- [restartedMain] o.a.c.c.C.[Tomcat].[localhost].[/]       : Initializing Spring embedded WebApplicationContext
2023-11-05 21:48:26.883  INFO 18792 --- [restartedMain] w.s.c.ServletWebServerApplicationContext : Root WebApplicationContext: initialization completed in 2290 ms
2023-11-05 21:48:27.443  INFO 18792 --- [restartedMain] c.a.d.s.b.a.DruidDataSourceAutoConfigure : Init DruidDataSource
2023-11-05 21:48:27.715  INFO 18792 --- [restartedMain] com.alibaba.druid.pool.DruidDataSource   : {dataSource-1} inited
2023-11-05 21:49:45.559  INFO 18792 --- [restartedMain] o.s.b.d.a.OptionalLiveReloadServer       : LiveReload server is running on port 35729
2023-11-05 21:50:05.187  INFO 18792 --- [restartedMain] o.s.b.w.embedded.tomcat.TomcatWebServer  : Tomcat started on port(s): 80 (http) with context path ''
2023-11-05 21:50:16.428  INFO 18792 --- [restartedMain] com.cx.atm.AtmApplication                : Started AtmApplication in 112.958 seconds (JVM running for 115.326)
2023-11-05 21:50:16.762  INFO 18792 --- [http-nio-80-exec-1] o.a.c.c.C.[Tomcat].[localhost].[/]       : Initializing Spring DispatcherServlet 'dispatcherServlet'
2023-11-05 21:50:16.919  INFO 18792 --- [http-nio-80-exec-1] o.s.web.servlet.DispatcherServlet        : Initializing Servlet 'dispatcherServlet'
2023-11-05 21:50:19.505  INFO 18792 --- [http-nio-80-exec-1] o.s.web.servlet.DispatcherServlet        : Completed initialization in 2203 ms
2023-11-05 21:51:54.211  INFO 18792 --- [http-nio-80-exec-6] c.cx.atm.controller.AccountsController   : 开户添加完成
2023-11-05 21:53:02.598  WARN 18792 --- [http-nio-80-exec-7] .m.m.a.ExceptionHandlerExceptionResolver : Resolved [org.springframework.dao.DuplicateKeyException: <EOL><EOL>### Error updating database.  Cause: java.sql.SQLIntegrityConstraintViolationException: Duplicate entry '1190567' for key 'accounts.PRIMARY'<EOL><EOL>### The error may exist in com/cx/atm/mapper/AccountsMapper.java (best guess)<EOL><EOL>### The error may involve com.cx.atm.mapper.AccountsMapper.insertAccount-Inline<EOL><EOL>### The error occurred while setting parameters<EOL><EOL>### SQL: INSERT INTO accounts(UserName,CardId,Password,Sex,limitmoney) VALUES (?,?,?,?,?)<EOL><EOL>### Cause: java.sql.SQLIntegrityConstraintViolationException: Duplicate entry '1190567' for key 'accounts.PRIMARY'<EOL>; Duplicate entry '1190567' for key 'accounts.PRIMARY'; nested exception is java.sql.SQLIntegrityConstraintViolationException: Duplicate entry '1190567' for key 'accounts.PRIMARY']
2023-11-05 21:57:44.905  WARN 18792 --- [http-nio-80-exec-1] c.a.druid.pool.DruidAbstractDataSource   : discard long time none received connection. , jdbcUrl : jdbc:mysql://localhost:3306/dbc?serverTimezone=UTC, version : 1.2.8, lastPacketReceivedIdleMillis : 298455
2023-11-05 21:57:44.970  INFO 18792 --- [http-nio-80-exec-1] c.cx.atm.controller.AccountsController   : 开户添加完成
2023-11-05 21:57:45.446  WARN 18792 --- [http-nio-80-exec-3] c.a.druid.pool.DruidAbstractDataSource   : discard long time none received connection. , jdbcUrl : jdbc:mysql://localhost:3306/dbc?serverTimezone=UTC, version : 1.2.8, lastPacketReceivedIdleMillis : 350300
2023-11-05 21:57:57.779  WARN 18792 --- [http-nio-80-exec-3] .m.m.a.ExceptionHandlerExceptionResolver : Resolved [org.springframework.dao.DuplicateKeyException: <EOL><EOL>### Error updating database.  Cause: java.sql.SQLIntegrityConstraintViolationException: Duplicate entry '1190561' for key 'accounts.PRIMARY'<EOL><EOL>### The error may exist in com/cx/atm/mapper/AccountsMapper.java (best guess)<EOL><EOL>### The error may involve com.cx.atm.mapper.AccountsMapper.insertAccount-Inline<EOL><EOL>### The error occurred while setting parameters<EOL><EOL>### SQL: INSERT INTO accounts(UserName,CardId,Password,Sex,limitmoney) VALUES (?,?,?,?,?)<EOL><EOL>### Cause: java.sql.SQLIntegrityConstraintViolationException: Duplicate entry '1190561' for key 'accounts.PRIMARY'<EOL>; Duplicate entry '1190561' for key 'accounts.PRIMARY'; nested exception is java.sql.SQLIntegrityConstraintViolationException: Duplicate entry '1190561' for key 'accounts.PRIMARY']
