2023-11-05 11:48:46.591  WARN 12940 --- [restartedMain] c.b.m.core.injector.DefaultSqlInjector   : class com.cx.atm.pojo.Account ,Not found @TableId annotation, Cannot use Mybatis-Plus 'xxById' Method.
2023-11-05 11:48:46.825  WARN 12940 --- [restartedMain] ConfigServletWebServerApplicationContext : Exception encountered during context initialization - cancelling refresh attempt: org.springframework.beans.factory.UnsatisfiedDependencyException: Error creating bean with name 'account' defined in file [D:\JAVA\Spring\atm\target\classes\com\cx\atm\pojo\Account.class]: Unsatisfied dependency expressed through constructor parameter 0; nested exception is org.springframework.beans.factory.BeanCurrentlyInCreationException: Error creating bean with name 'account': Requested bean is currently in creation: Is there an unresolvable circular reference?
2023-11-05 11:48:46.841  INFO 12940 --- [restartedMain] com.alibaba.druid.pool.DruidDataSource   : {dataSource-1} closing ...
2023-11-05 11:48:46.841  INFO 12940 --- [restartedMain] com.alibaba.druid.pool.DruidDataSource   : {dataSource-1} closed
2023-11-05 11:48:46.841  INFO 12940 --- [restartedMain] o.apache.catalina.core.StandardService   : Stopping service [Tomcat]
2023-11-05 11:48:46.841  WARN 12940 --- [restartedMain] o.a.c.loader.WebappClassLoaderBase       : The web application [ROOT] appears to have started a thread named [logback-1] but has failed to stop it. This is very likely to create a memory leak. Stack trace of thread:
 sun.misc.Unsafe.park(Native Method)
 java.util.concurrent.locks.LockSupport.park(LockSupport.java:175)
 java.util.concurrent.locks.AbstractQueuedSynchronizer$ConditionObject.await(AbstractQueuedSynchronizer.java:2039)
 java.util.concurrent.ScheduledThreadPoolExecutor$DelayedWorkQueue.take(ScheduledThreadPoolExecutor.java:1081)
 java.util.concurrent.ScheduledThreadPoolExecutor$DelayedWorkQueue.take(ScheduledThreadPoolExecutor.java:809)
 java.util.concurrent.ThreadPoolExecutor.getTask(ThreadPoolExecutor.java:1074)
 java.util.concurrent.ThreadPoolExecutor.runWorker(ThreadPoolExecutor.java:1134)
 java.util.concurrent.ThreadPoolExecutor$Worker.run(ThreadPoolExecutor.java:624)
 java.lang.Thread.run(Thread.java:750)
2023-11-05 11:48:46.857  INFO 12940 --- [restartedMain] ConditionEvaluationReportLoggingListener : 

Error starting ApplicationContext. To display the conditions report re-run your application with 'debug' enabled.
2023-11-05 11:48:46.888 ERROR 12940 --- [restartedMain] o.s.b.d.LoggingFailureAnalysisReporter   : 

***************************
APPLICATION FAILED TO START
***************************

Description:

The dependencies of some of the beans in the application context form a cycle:

┌──->──┐
|  account defined in file [D:\JAVA\Spring\atm\target\classes\com\cx\atm\pojo\Account.class]
└──<-──┘


Action:

Relying upon circular references is discouraged and they are prohibited by default. Update your application to remove the dependency cycle between beans. As a last resort, it may be possible to break the cycle automatically by setting spring.main.allow-circular-references to true.

2023-11-05 11:51:00.280  INFO 15304 --- [restartedMain] com.cx.atm.AtmApplication                : Starting AtmApplication using Java 1.8.0_381 on PC-20230329ZZGJ with PID 15304 (D:\JAVA\Spring\atm\target\classes started by 晨曦 in D:\JAVA\Spring\atm)
2023-11-05 11:51:00.280  INFO 15304 --- [restartedMain] com.cx.atm.AtmApplication                : No active profile set, falling back to 1 default profile: "default"
2023-11-05 11:51:00.358  INFO 15304 --- [restartedMain] .e.DevToolsPropertyDefaultsPostProcessor : Devtools property defaults active! Set 'spring.devtools.add-properties' to 'false' to disable
2023-11-05 11:51:00.358  INFO 15304 --- [restartedMain] .e.DevToolsPropertyDefaultsPostProcessor : For additional web related logging consider setting the 'logging.level.web' property to 'DEBUG'
2023-11-05 11:51:02.123  INFO 15304 --- [restartedMain] o.s.b.w.embedded.tomcat.TomcatWebServer  : Tomcat initialized with port(s): 8081 (http)
2023-11-05 11:51:02.139  INFO 15304 --- [restartedMain] o.apache.catalina.core.StandardService   : Starting service [Tomcat]
2023-11-05 11:51:02.139  INFO 15304 --- [restartedMain] org.apache.catalina.core.StandardEngine  : Starting Servlet engine: [Apache Tomcat/9.0.62]
2023-11-05 11:51:02.280  INFO 15304 --- [restartedMain] o.a.c.c.C.[Tomcat].[localhost].[/]       : Initializing Spring embedded WebApplicationContext
2023-11-05 11:51:02.295  INFO 15304 --- [restartedMain] w.s.c.ServletWebServerApplicationContext : Root WebApplicationContext: initialization completed in 1937 ms
2023-11-05 11:51:02.498  INFO 15304 --- [restartedMain] c.a.d.s.b.a.DruidDataSourceAutoConfigure : Init DruidDataSource
2023-11-05 11:51:02.657  INFO 15304 --- [restartedMain] com.alibaba.druid.pool.DruidDataSource   : {dataSource-1} inited
2023-11-05 11:51:03.922  WARN 15304 --- [restartedMain] ConfigServletWebServerApplicationContext : Exception encountered during context initialization - cancelling refresh attempt: org.springframework.beans.factory.UnsatisfiedDependencyException: Error creating bean with name 'account' defined in file [D:\JAVA\Spring\atm\target\classes\com\cx\atm\pojo\Account.class]: Unsatisfied dependency expressed through constructor parameter 0; nested exception is org.springframework.beans.factory.BeanCurrentlyInCreationException: Error creating bean with name 'account': Requested bean is currently in creation: Is there an unresolvable circular reference?
2023-11-05 11:51:03.938  INFO 15304 --- [restartedMain] com.alibaba.druid.pool.DruidDataSource   : {dataSource-1} closing ...
2023-11-05 11:51:03.938  INFO 15304 --- [restartedMain] com.alibaba.druid.pool.DruidDataSource   : {dataSource-1} closed
2023-11-05 11:51:03.938  INFO 15304 --- [restartedMain] o.apache.catalina.core.StandardService   : Stopping service [Tomcat]
