2023-11-07 13:24:55.191  INFO 21480 --- [http-nio-80-exec-1] o.s.web.servlet.DispatcherServlet        : Initializing Servlet 'dispatcherServlet'
2023-11-07 13:24:55.201  INFO 21480 --- [http-nio-80-exec-1] o.s.web.servlet.DispatcherServlet        : Completed initialization in 2 ms
2023-11-07 13:24:56.865  INFO 21480 --- [http-nio-80-exec-2] c.cx.atm.controller.AccountsController   : Account{userName='沈伟', cardId=43256785, passWord='312356', sex='男', money=101000.0, limitMoney=100000.0}
2023-11-07 13:24:56.865  INFO 21480 --- [http-nio-80-exec-2] c.cx.atm.controller.AccountsController   : 登录成功：Account{userName='沈伟', cardId=43256785, passWord='312356', sex='男', money=101000.0, limitMoney=100000.0}
2023-11-07 13:25:26.848  INFO 21480 --- [http-nio-80-exec-3] c.cx.atm.controller.AccountsController   : 账户ID: 43256785
2023-11-07 14:01:19.694  INFO 14396 --- [restartedMain] com.cx.atm.AtmApplication                : Starting AtmApplication using Java 1.8.0_381 on PC-20230329ZZGJ with PID 14396 (D:\JAVA\Spring\atm\target\classes started by 晨曦 in D:\JAVA\Spring\atm)
2023-11-07 14:01:19.700  INFO 14396 --- [restartedMain] com.cx.atm.AtmApplication                : No active profile set, falling back to 1 default profile: "default"
2023-11-07 14:01:19.791  INFO 14396 --- [restartedMain] .e.DevToolsPropertyDefaultsPostProcessor : Devtools property defaults active! Set 'spring.devtools.add-properties' to 'false' to disable
2023-11-07 14:01:19.792  INFO 14396 --- [restartedMain] .e.DevToolsPropertyDefaultsPostProcessor : For additional web related logging consider setting the 'logging.level.web' property to 'DEBUG'
2023-11-07 14:01:21.806  INFO 14396 --- [restartedMain] o.s.b.w.embedded.tomcat.TomcatWebServer  : Tomcat initialized with port(s): 80 (http)
2023-11-07 14:01:21.819  INFO 14396 --- [restartedMain] o.apache.catalina.core.StandardService   : Starting service [Tomcat]
2023-11-07 14:01:21.820  INFO 14396 --- [restartedMain] org.apache.catalina.core.StandardEngine  : Starting Servlet engine: [Apache Tomcat/9.0.62]
2023-11-07 14:01:21.992  INFO 14396 --- [restartedMain] o.a.c.c.C.[Tomcat].[localhost].[/]       : Initializing Spring embedded WebApplicationContext
2023-11-07 14:01:21.993  INFO 14396 --- [restartedMain] w.s.c.ServletWebServerApplicationContext : Root WebApplicationContext: initialization completed in 2199 ms
2023-11-07 14:01:22.188  INFO 14396 --- [restartedMain] c.a.d.s.b.a.DruidDataSourceAutoConfigure : Init DruidDataSource
2023-11-07 14:01:22.340  INFO 14396 --- [restartedMain] com.alibaba.druid.pool.DruidDataSource   : {dataSource-1} inited
2023-11-07 14:01:24.191  INFO 14396 --- [restartedMain] o.s.b.d.a.OptionalLiveReloadServer       : LiveReload server is running on port 35729
2023-11-07 14:01:24.244  INFO 14396 --- [restartedMain] o.s.b.w.embedded.tomcat.TomcatWebServer  : Tomcat started on port(s): 80 (http) with context path ''
2023-11-07 14:01:24.259  INFO 14396 --- [restartedMain] com.cx.atm.AtmApplication                : Started AtmApplication in 5.87 seconds (JVM running for 8.418)
2023-11-07 14:01:27.405  INFO 14396 --- [http-nio-80-exec-1] o.a.c.c.C.[Tomcat].[localhost].[/]       : Initializing Spring DispatcherServlet 'dispatcherServlet'
2023-11-07 14:01:27.406  INFO 14396 --- [http-nio-80-exec-1] o.s.web.servlet.DispatcherServlet        : Initializing Servlet 'dispatcherServlet'
2023-11-07 14:01:27.408  INFO 14396 --- [http-nio-80-exec-1] o.s.web.servlet.DispatcherServlet        : Completed initialization in 1 ms
2023-11-07 14:01:27.481  INFO 14396 --- [http-nio-80-exec-1] c.cx.atm.controller.AccountsController   : 账户ID: 43256785
2023-11-07 14:01:35.852  INFO 14396 --- [http-nio-80-exec-4] c.cx.atm.controller.AccountsController   : 此时的余额为:99789.0
2023-11-07 14:01:39.595  INFO 14396 --- [http-nio-80-exec-3] c.cx.atm.controller.AccountsController   : 账户ID: 43256785
2023-11-07 14:01:49.210 ERROR 14396 --- [http-nio-80-exec-2] c.cx.atm.controller.AccountsController   : 余额不足
2023-11-07 14:01:52.490  INFO 14396 --- [http-nio-80-exec-5] c.cx.atm.controller.AccountsController   : 账户ID: 43256785
2023-11-07 14:02:02.235  INFO 14396 --- [http-nio-80-exec-6] c.cx.atm.controller.AccountsController   : 此时的余额为:99788.0
2023-11-07 14:02:05.169  INFO 14396 --- [http-nio-80-exec-7] c.cx.atm.controller.AccountsController   : 账户ID: 43256785
2023-11-07 14:02:13.436  INFO 14396 --- [http-nio-80-exec-8] c.cx.atm.controller.AccountsController   : 此时的余额为: 99790.0
2023-11-07 14:02:16.930  INFO 14396 --- [http-nio-80-exec-9] c.cx.atm.controller.AccountsController   : 账户ID: 43256785
