2023-11-03 21:50:59.200  INFO 34920 --- [http-nio-8081-exec-3] com.cx.atm.controller.UserController     : 查询到user
2023-11-03 21:50:59.304  WARN 34920 --- [http-nio-8081-exec-3] .m.m.a.ExceptionHandlerExceptionResolver : Resolved [java.lang.NullPointerException]
2023-11-03 21:52:20.684  INFO 33920 --- [restartedMain] com.cx.atm.AtmApplication                : Starting AtmApplication using Java 1.8.0_381 on PC-20230329ZZGJ with PID 33920 (D:\JAVA\Spring\atm\target\classes started by 晨曦 in D:\JAVA\Spring\atm)
2023-11-03 21:52:20.687  INFO 33920 --- [restartedMain] com.cx.atm.AtmApplication                : No active profile set, falling back to 1 default profile: "default"
2023-11-03 21:52:20.756  INFO 33920 --- [restartedMain] .e.DevToolsPropertyDefaultsPostProcessor : Devtools property defaults active! Set 'spring.devtools.add-properties' to 'false' to disable
2023-11-03 21:52:20.757  INFO 33920 --- [restartedMain] .e.DevToolsPropertyDefaultsPostProcessor : For additional web related logging consider setting the 'logging.level.web' property to 'DEBUG'
2023-11-03 21:52:22.550  INFO 33920 --- [restartedMain] o.s.b.w.embedded.tomcat.TomcatWebServer  : Tomcat initialized with port(s): 8081 (http)
2023-11-03 21:52:22.562  INFO 33920 --- [restartedMain] o.apache.catalina.core.StandardService   : Starting service [Tomcat]
2023-11-03 21:52:22.562  INFO 33920 --- [restartedMain] org.apache.catalina.core.StandardEngine  : Starting Servlet engine: [Apache Tomcat/9.0.62]
2023-11-03 21:52:22.752  INFO 33920 --- [restartedMain] o.a.c.c.C.[Tomcat].[localhost].[/]       : Initializing Spring embedded WebApplicationContext
2023-11-03 21:52:22.753  INFO 33920 --- [restartedMain] w.s.c.ServletWebServerApplicationContext : Root WebApplicationContext: initialization completed in 1995 ms
2023-11-03 21:52:22.981  INFO 33920 --- [restartedMain] c.a.d.s.b.a.DruidDataSourceAutoConfigure : Init DruidDataSource
2023-11-03 21:52:23.135  INFO 33920 --- [restartedMain] com.alibaba.druid.pool.DruidDataSource   : {dataSource-1} inited
2023-11-03 21:52:25.054  INFO 33920 --- [restartedMain] o.s.b.d.a.OptionalLiveReloadServer       : LiveReload server is running on port 35729
2023-11-03 21:52:25.104  INFO 33920 --- [restartedMain] o.s.b.w.embedded.tomcat.TomcatWebServer  : Tomcat started on port(s): 8081 (http) with context path ''
2023-11-03 21:52:25.118  INFO 33920 --- [restartedMain] com.cx.atm.AtmApplication                : Started AtmApplication in 5.241 seconds (JVM running for 7.262)
2023-11-03 21:52:29.891  INFO 33920 --- [http-nio-8081-exec-1] o.a.c.c.C.[Tomcat].[localhost].[/]       : Initializing Spring DispatcherServlet 'dispatcherServlet'
2023-11-03 21:52:29.891  INFO 33920 --- [http-nio-8081-exec-1] o.s.web.servlet.DispatcherServlet        : Initializing Servlet 'dispatcherServlet'
2023-11-03 21:52:29.893  INFO 33920 --- [http-nio-8081-exec-1] o.s.web.servlet.DispatcherServlet        : Completed initialization in 1 ms
2023-11-03 21:52:29.933  INFO 33920 --- [http-nio-8081-exec-1] com.cx.atm.controller.UserController     : 查询到user
2023-11-03 21:57:40.076  INFO 42352 --- [restartedMain] com.cx.atm.AtmApplication                : Starting AtmApplication using Java 1.8.0_381 on PC-20230329ZZGJ with PID 42352 (D:\JAVA\Spring\atm\target\classes started by 晨曦 in D:\JAVA\Spring\atm)
2023-11-03 21:57:40.079  INFO 42352 --- [restartedMain] com.cx.atm.AtmApplication                : No active profile set, falling back to 1 default profile: "default"
2023-11-03 21:57:40.153  INFO 42352 --- [restartedMain] .e.DevToolsPropertyDefaultsPostProcessor : Devtools property defaults active! Set 'spring.devtools.add-properties' to 'false' to disable
2023-11-03 21:57:40.153  INFO 42352 --- [restartedMain] .e.DevToolsPropertyDefaultsPostProcessor : For additional web related logging consider setting the 'logging.level.web' property to 'DEBUG'
2023-11-03 21:57:41.934  INFO 42352 --- [restartedMain] o.s.b.w.embedded.tomcat.TomcatWebServer  : Tomcat initialized with port(s): 8081 (http)
2023-11-03 21:57:41.946  INFO 42352 --- [restartedMain] o.apache.catalina.core.StandardService   : Starting service [Tomcat]
2023-11-03 21:57:41.946  INFO 42352 --- [restartedMain] org.apache.catalina.core.StandardEngine  : Starting Servlet engine: [Apache Tomcat/9.0.62]
2023-11-03 21:57:42.097  INFO 42352 --- [restartedMain] o.a.c.c.C.[Tomcat].[localhost].[/]       : Initializing Spring embedded WebApplicationContext
2023-11-03 21:57:42.112  INFO 42352 --- [restartedMain] w.s.c.ServletWebServerApplicationContext : Root WebApplicationContext: initialization completed in 1957 ms
2023-11-03 21:57:42.324  INFO 42352 --- [restartedMain] c.a.d.s.b.a.DruidDataSourceAutoConfigure : Init DruidDataSource
2023-11-03 21:57:42.478  INFO 42352 --- [restartedMain] com.alibaba.druid.pool.DruidDataSource   : {dataSource-1} inited
2023-11-03 21:57:44.275  INFO 42352 --- [restartedMain] o.s.b.d.a.OptionalLiveReloadServer       : LiveReload server is running on port 35729
2023-11-03 21:57:44.337  INFO 42352 --- [restartedMain] o.s.b.w.embedded.tomcat.TomcatWebServer  : Tomcat started on port(s): 8081 (http) with context path ''
2023-11-03 21:57:44.351  INFO 42352 --- [restartedMain] com.cx.atm.AtmApplication                : Started AtmApplication in 5.201 seconds (JVM running for 7.248)
2023-11-03 21:57:55.806  INFO 42352 --- [http-nio-8081-exec-1] o.a.c.c.C.[Tomcat].[localhost].[/]       : Initializing Spring DispatcherServlet 'dispatcherServlet'
2023-11-03 21:57:55.816  INFO 42352 --- [http-nio-8081-exec-1] o.s.web.servlet.DispatcherServlet        : Initializing Servlet 'dispatcherServlet'
2023-11-03 21:57:55.826  INFO 42352 --- [http-nio-8081-exec-1] o.s.web.servlet.DispatcherServlet        : Completed initialization in 1 ms
2023-11-03 22:01:29.737  INFO 34944 --- [restartedMain] com.cx.atm.AtmApplication                : Starting AtmApplication using Java 1.8.0_381 on PC-20230329ZZGJ with PID 34944 (D:\JAVA\Spring\atm\target\classes started by 晨曦 in D:\JAVA\Spring\atm)
2023-11-03 22:01:29.739  INFO 34944 --- [restartedMain] com.cx.atm.AtmApplication                : No active profile set, falling back to 1 default profile: "default"
2023-11-03 22:01:29.814  INFO 34944 --- [restartedMain] .e.DevToolsPropertyDefaultsPostProcessor : Devtools property defaults active! Set 'spring.devtools.add-properties' to 'false' to disable
2023-11-03 22:01:29.814  INFO 34944 --- [restartedMain] .e.DevToolsPropertyDefaultsPostProcessor : For additional web related logging consider setting the 'logging.level.web' property to 'DEBUG'
2023-11-03 22:01:32.024  INFO 34944 --- [restartedMain] o.s.b.w.embedded.tomcat.TomcatWebServer  : Tomcat initialized with port(s): 8081 (http)
2023-11-03 22:01:32.053  INFO 34944 --- [restartedMain] o.apache.catalina.core.StandardService   : Starting service [Tomcat]
2023-11-03 22:01:32.054  INFO 34944 --- [restartedMain] org.apache.catalina.core.StandardEngine  : Starting Servlet engine: [Apache Tomcat/9.0.62]
2023-11-03 22:01:32.270  INFO 34944 --- [restartedMain] o.a.c.c.C.[Tomcat].[localhost].[/]       : Initializing Spring embedded WebApplicationContext
2023-11-03 22:01:32.284  INFO 34944 --- [restartedMain] w.s.c.ServletWebServerApplicationContext : Root WebApplicationContext: initialization completed in 2469 ms
2023-11-03 22:01:32.491  INFO 34944 --- [restartedMain] c.a.d.s.b.a.DruidDataSourceAutoConfigure : Init DruidDataSource
2023-11-03 22:01:32.655  INFO 34944 --- [restartedMain] com.alibaba.druid.pool.DruidDataSource   : {dataSource-1} inited
2023-11-03 22:01:34.599  INFO 34944 --- [restartedMain] o.s.b.d.a.OptionalLiveReloadServer       : LiveReload server is running on port 35729
2023-11-03 22:01:34.663  INFO 34944 --- [restartedMain] o.s.b.w.embedded.tomcat.TomcatWebServer  : Tomcat started on port(s): 8081 (http) with context path ''
2023-11-03 22:01:34.677  INFO 34944 --- [restartedMain] com.cx.atm.AtmApplication                : Started AtmApplication in 5.825 seconds (JVM running for 8.007)
2023-11-03 22:01:38.763  INFO 34944 --- [http-nio-8081-exec-1] o.a.c.c.C.[Tomcat].[localhost].[/]       : Initializing Spring DispatcherServlet 'dispatcherServlet'
2023-11-03 22:01:38.775  INFO 34944 --- [http-nio-8081-exec-1] o.s.web.servlet.DispatcherServlet        : Initializing Servlet 'dispatcherServlet'
2023-11-03 22:01:38.786  INFO 34944 --- [http-nio-8081-exec-1] o.s.web.servlet.DispatcherServlet        : Completed initialization in 1 ms
2023-11-03 22:02:37.126  WARN 34944 --- [http-nio-8081-exec-4] .m.m.a.ExceptionHandlerExceptionResolver : Resolved [org.springframework.web.method.annotation.MethodArgumentTypeMismatchException: Failed to convert value of type 'java.lang.String' to required type 'java.lang.Integer'; nested exception is java.lang.NumberFormatException: For input string: "accout"]
