2023-11-07 14:02:24.619  INFO 14396 --- [http-nio-80-exec-10] c.cx.atm.controller.AccountsController   : 此时的余额为: 103223.0
2023-11-07 14:02:27.739  INFO 14396 --- [http-nio-80-exec-1] c.cx.atm.controller.AccountsController   : 账户ID: 43256785
2023-11-07 14:02:34.356 ERROR 14396 --- [http-nio-80-exec-4] c.cx.atm.controller.AccountsController   : 存款金额必须大于0
2023-11-07 14:02:38.218  INFO 14396 --- [http-nio-80-exec-3] c.cx.atm.controller.AccountsController   : 账户ID: 43256785
2023-11-07 14:02:49.639 ERROR 14396 --- [http-nio-80-exec-2] c.cx.atm.controller.AccountsController   : 存款金额必须大于0
2023-11-07 14:02:52.504  INFO 14396 --- [http-nio-80-exec-5] c.cx.atm.controller.AccountsController   : 账户ID: 43256785
2023-11-07 14:04:32.238  WARN 14396 --- [http-nio-80-exec-7] c.a.druid.pool.DruidAbstractDataSource   : discard long time none received connection. , jdbcUrl : jdbc:mysql://localhost:3306/dbc?serverTimezone=UTC, version : 1.2.8, lastPacketReceivedIdleMillis : 99718
2023-11-07 14:04:32.276 ERROR 14396 --- [http-nio-80-exec-7] c.cx.atm.controller.AccountsController   : 取款金额必须大于0
2023-11-07 14:04:35.411  INFO 14396 --- [http-nio-80-exec-8] c.cx.atm.controller.AccountsController   : 账户ID: 43256785
2023-11-07 14:13:43.185  INFO 14396 --- [http-nio-80-exec-10] c.cx.atm.controller.AccountsController   : 账户ID: 43256785
2023-11-07 14:13:43.190  WARN 14396 --- [http-nio-80-exec-10] c.a.druid.pool.DruidAbstractDataSource   : discard long time none received connection. , jdbcUrl : jdbc:mysql://localhost:3306/dbc?serverTimezone=UTC, version : 1.2.8, lastPacketReceivedIdleMillis : 547775
2023-11-07 14:14:24.409  INFO 14396 --- [http-nio-80-exec-1] c.cx.atm.controller.AccountsController   : 账户ID: 43256785
2023-11-07 14:14:51.318  WARN 14396 --- [http-nio-80-exec-4] .m.m.a.ExceptionHandlerExceptionResolver : Resolved [org.springframework.web.HttpRequestMethodNotSupportedException: Request method 'POST' not supported]
2023-11-07 14:14:55.024  INFO 14396 --- [http-nio-80-exec-3] c.cx.atm.controller.AccountsController   : 账户ID: 43256785
2023-11-07 14:15:22.404  WARN 14396 --- [http-nio-80-exec-2] .m.m.a.ExceptionHandlerExceptionResolver : Resolved [org.springframework.web.HttpRequestMethodNotSupportedException: Request method 'POST' not supported]
2023-11-07 14:16:08.240  INFO 18720 --- [restartedMain] com.cx.atm.AtmApplication                : Starting AtmApplication using Java 1.8.0_381 on PC-20230329ZZGJ with PID 18720 (D:\JAVA\Spring\atm\target\classes started by 晨曦 in D:\JAVA\Spring\atm)
2023-11-07 14:16:08.244  INFO 18720 --- [restartedMain] com.cx.atm.AtmApplication                : No active profile set, falling back to 1 default profile: "default"
2023-11-07 14:16:08.434  INFO 18720 --- [restartedMain] .e.DevToolsPropertyDefaultsPostProcessor : Devtools property defaults active! Set 'spring.devtools.add-properties' to 'false' to disable
2023-11-07 14:16:08.435  INFO 18720 --- [restartedMain] .e.DevToolsPropertyDefaultsPostProcessor : For additional web related logging consider setting the 'logging.level.web' property to 'DEBUG'
2023-11-07 14:16:10.592  INFO 18720 --- [restartedMain] o.s.b.w.embedded.tomcat.TomcatWebServer  : Tomcat initialized with port(s): 80 (http)
2023-11-07 14:16:10.605  INFO 18720 --- [restartedMain] o.apache.catalina.core.StandardService   : Starting service [Tomcat]
2023-11-07 14:16:10.605  INFO 18720 --- [restartedMain] org.apache.catalina.core.StandardEngine  : Starting Servlet engine: [Apache Tomcat/9.0.62]
2023-11-07 14:16:10.785  INFO 18720 --- [restartedMain] o.a.c.c.C.[Tomcat].[localhost].[/]       : Initializing Spring embedded WebApplicationContext
2023-11-07 14:16:10.786  INFO 18720 --- [restartedMain] w.s.c.ServletWebServerApplicationContext : Root WebApplicationContext: initialization completed in 2348 ms
2023-11-07 14:16:10.994  INFO 18720 --- [restartedMain] c.a.d.s.b.a.DruidDataSourceAutoConfigure : Init DruidDataSource
2023-11-07 14:16:11.150  INFO 18720 --- [restartedMain] com.alibaba.druid.pool.DruidDataSource   : {dataSource-1} inited
2023-11-07 14:16:13.134  INFO 18720 --- [restartedMain] o.s.b.d.a.OptionalLiveReloadServer       : LiveReload server is running on port 35729
2023-11-07 14:16:13.210  INFO 18720 --- [restartedMain] o.s.b.w.embedded.tomcat.TomcatWebServer  : Tomcat started on port(s): 80 (http) with context path ''
2023-11-07 14:16:13.225  INFO 18720 --- [restartedMain] com.cx.atm.AtmApplication                : Started AtmApplication in 6.109 seconds (JVM running for 8.341)
2023-11-07 14:16:17.093  INFO 18720 --- [http-nio-80-exec-1] o.a.c.c.C.[Tomcat].[localhost].[/]       : Initializing Spring DispatcherServlet 'dispatcherServlet'
2023-11-07 14:16:17.102  INFO 18720 --- [http-nio-80-exec-1] o.s.web.servlet.DispatcherServlet        : Initializing Servlet 'dispatcherServlet'
2023-11-07 14:16:17.112  INFO 18720 --- [http-nio-80-exec-1] o.s.web.servlet.DispatcherServlet        : Completed initialization in 1 ms
2023-11-07 14:16:17.177  INFO 18720 --- [http-nio-80-exec-1] c.cx.atm.controller.AccountsController   : 账户ID: 43256785
2023-11-07 14:16:28.357  INFO 18720 --- [http-nio-80-exec-2] c.cx.atm.controller.AccountsController   : 转账操作完成
