2023-11-05 21:18:47.499  INFO 3380 --- [http-nio-80-exec-4] c.cx.atm.controller.AccountsController   : 开户添加完成
2023-11-05 21:18:47.505  WARN 3380 --- [http-nio-80-exec-2] .m.m.a.ExceptionHandlerExceptionResolver : Resolved [org.springframework.dao.DuplicateKeyException: <EOL><EOL>### Error updating database.  Cause: java.sql.SQLIntegrityConstraintViolationException: Duplicate entry '1190978' for key 'accounts.PRIMARY'<EOL><EOL>### The error may exist in com/cx/atm/mapper/AccountsMapper.java (best guess)<EOL><EOL>### The error may involve com.cx.atm.mapper.AccountsMapper.insertAccount-Inline<EOL><EOL>### The error occurred while setting parameters<EOL><EOL>### SQL: INSERT INTO accounts(UserName,CardId,Password,Sex,limitmoney) VALUES (?,?,?,?,?)<EOL><EOL>### Cause: java.sql.SQLIntegrityConstraintViolationException: Duplicate entry '1190978' for key 'accounts.PRIMARY'<EOL>; Duplicate entry '1190978' for key 'accounts.PRIMARY'; nested exception is java.sql.SQLIntegrityConstraintViolationException: Duplicate entry '1190978' for key 'accounts.PRIMARY']
2023-11-05 21:18:48.545  INFO 3380 --- [SpringApplicationShutdownHook] com.alibaba.druid.pool.DruidDataSource   : {dataSource-1} closing ...
2023-11-05 21:18:48.553  INFO 3380 --- [SpringApplicationShutdownHook] com.alibaba.druid.pool.DruidDataSource   : {dataSource-1} closed
2023-11-05 21:19:23.387  INFO 19960 --- [restartedMain] com.cx.atm.AtmApplication                : Starting AtmApplication using Java 1.8.0_381 on PC-20230329ZZGJ with PID 19960 (D:\JAVA\Spring\atm\target\classes started by 晨曦 in D:\JAVA\Spring\atm)
2023-11-05 21:19:23.389  INFO 19960 --- [restartedMain] com.cx.atm.AtmApplication                : No active profile set, falling back to 1 default profile: "default"
2023-11-05 21:19:23.471  INFO 19960 --- [restartedMain] .e.DevToolsPropertyDefaultsPostProcessor : Devtools property defaults active! Set 'spring.devtools.add-properties' to 'false' to disable
2023-11-05 21:19:23.472  INFO 19960 --- [restartedMain] .e.DevToolsPropertyDefaultsPostProcessor : For additional web related logging consider setting the 'logging.level.web' property to 'DEBUG'
2023-11-05 21:21:02.745  INFO 19960 --- [restartedMain] o.s.b.w.embedded.tomcat.TomcatWebServer  : Tomcat initialized with port(s): 80 (http)
2023-11-05 21:21:03.452  INFO 19960 --- [restartedMain] o.apache.catalina.core.StandardService   : Starting service [Tomcat]
2023-11-05 21:21:03.526  INFO 19960 --- [restartedMain] org.apache.catalina.core.StandardEngine  : Starting Servlet engine: [Apache Tomcat/9.0.62]
2023-11-05 21:21:19.073  INFO 19960 --- [restartedMain] o.a.c.c.C.[Tomcat].[localhost].[/]       : Initializing Spring embedded WebApplicationContext
2023-11-05 21:21:19.086  INFO 19960 --- [restartedMain] w.s.c.ServletWebServerApplicationContext : Root WebApplicationContext: initialization completed in 115612 ms
2023-11-05 21:22:00.129  INFO 19960 --- [restartedMain] c.a.d.s.b.a.DruidDataSourceAutoConfigure : Init DruidDataSource
2023-11-05 21:22:32.732  INFO 19960 --- [restartedMain] com.alibaba.druid.pool.DruidDataSource   : {dataSource-1} inited
2023-11-05 21:22:34.680  INFO 19960 --- [restartedMain] o.s.b.d.a.OptionalLiveReloadServer       : LiveReload server is running on port 35729
2023-11-05 21:22:34.732  INFO 19960 --- [restartedMain] o.s.b.w.embedded.tomcat.TomcatWebServer  : Tomcat started on port(s): 80 (http) with context path ''
2023-11-05 21:22:34.752  INFO 19960 --- [restartedMain] com.cx.atm.AtmApplication                : Started AtmApplication in 192.35 seconds (JVM running for 195.112)
2023-11-05 21:22:35.356  INFO 19960 --- [SpringApplicationShutdownHook] com.alibaba.druid.pool.DruidDataSource   : {dataSource-1} closing ...
2023-11-05 21:22:35.358  INFO 19960 --- [SpringApplicationShutdownHook] com.alibaba.druid.pool.DruidDataSource   : {dataSource-1} closed
2023-11-05 21:22:41.533  INFO 16720 --- [restartedMain] com.cx.atm.AtmApplication                : Starting AtmApplication using Java 1.8.0_381 on PC-20230329ZZGJ with PID 16720 (D:\JAVA\Spring\atm\target\classes started by 晨曦 in D:\JAVA\Spring\atm)
2023-11-05 21:22:41.536  INFO 16720 --- [restartedMain] com.cx.atm.AtmApplication                : No active profile set, falling back to 1 default profile: "default"
2023-11-05 21:22:41.611  INFO 16720 --- [restartedMain] .e.DevToolsPropertyDefaultsPostProcessor : Devtools property defaults active! Set 'spring.devtools.add-properties' to 'false' to disable
2023-11-05 21:22:41.612  INFO 16720 --- [restartedMain] .e.DevToolsPropertyDefaultsPostProcessor : For additional web related logging consider setting the 'logging.level.web' property to 'DEBUG'
2023-11-05 21:22:43.353  INFO 16720 --- [restartedMain] o.s.b.w.embedded.tomcat.TomcatWebServer  : Tomcat initialized with port(s): 80 (http)
2023-11-05 21:22:43.377  INFO 16720 --- [restartedMain] o.apache.catalina.core.StandardService   : Starting service [Tomcat]
2023-11-05 21:22:43.377  INFO 16720 --- [restartedMain] org.apache.catalina.core.StandardEngine  : Starting Servlet engine: [Apache Tomcat/9.0.62]
2023-11-05 21:22:43.538  INFO 16720 --- [restartedMain] o.a.c.c.C.[Tomcat].[localhost].[/]       : Initializing Spring embedded WebApplicationContext
2023-11-05 21:22:43.548  INFO 16720 --- [restartedMain] w.s.c.ServletWebServerApplicationContext : Root WebApplicationContext: initialization completed in 1935 ms
2023-11-05 21:22:43.737  INFO 16720 --- [restartedMain] c.a.d.s.b.a.DruidDataSourceAutoConfigure : Init DruidDataSource
2023-11-05 21:22:43.890  INFO 16720 --- [restartedMain] com.alibaba.druid.pool.DruidDataSource   : {dataSource-1} inited
2023-11-05 21:22:45.735  INFO 16720 --- [restartedMain] o.s.b.d.a.OptionalLiveReloadServer       : LiveReload server is running on port 35729
2023-11-05 21:22:45.791  INFO 16720 --- [restartedMain] o.s.b.w.embedded.tomcat.TomcatWebServer  : Tomcat started on port(s): 80 (http) with context path ''
2023-11-05 21:22:45.804  INFO 16720 --- [restartedMain] com.cx.atm.AtmApplication                : Started AtmApplication in 5.197 seconds (JVM running for 7.153)
2023-11-05 21:23:11.492  INFO 16720 --- [http-nio-80-exec-1] o.a.c.c.C.[Tomcat].[localhost].[/]       : Initializing Spring DispatcherServlet 'dispatcherServlet'
2023-11-05 21:23:11.502  INFO 16720 --- [http-nio-80-exec-1] o.s.web.servlet.DispatcherServlet        : Initializing Servlet 'dispatcherServlet'
2023-11-05 21:23:11.512  INFO 16720 --- [http-nio-80-exec-1] o.s.web.servlet.DispatcherServlet        : Completed initialization in 1 ms
2023-11-05 21:23:32.811  INFO 22252 --- [restartedMain] com.cx.atm.AtmApplication                : Starting AtmApplication using Java 1.8.0_381 on PC-20230329ZZGJ with PID 22252 (D:\JAVA\Spring\atm\target\classes started by 晨曦 in D:\JAVA\Spring\atm)
2023-11-05 21:23:32.813  INFO 22252 --- [restartedMain] com.cx.atm.AtmApplication                : No active profile set, falling back to 1 default profile: "default"
2023-11-05 21:23:32.901  INFO 22252 --- [restartedMain] .e.DevToolsPropertyDefaultsPostProcessor : Devtools property defaults active! Set 'spring.devtools.add-properties' to 'false' to disable
2023-11-05 21:23:32.901  INFO 22252 --- [restartedMain] .e.DevToolsPropertyDefaultsPostProcessor : For additional web related logging consider setting the 'logging.level.web' property to 'DEBUG'
2023-11-05 21:25:02.885  INFO 22252 --- [restartedMain] o.s.b.w.embedded.tomcat.TomcatWebServer  : Tomcat initialized with port(s): 80 (http)
2023-11-05 21:25:05.550  INFO 22252 --- [restartedMain] o.apache.catalina.core.StandardService   : Starting service [Tomcat]
2023-11-05 21:25:05.753  INFO 22252 --- [restartedMain] org.apache.catalina.core.StandardEngine  : Starting Servlet engine: [Apache Tomcat/9.0.62]
2023-11-05 21:25:28.158  INFO 22252 --- [restartedMain] o.a.c.c.C.[Tomcat].[localhost].[/]       : Initializing Spring embedded WebApplicationContext
2023-11-05 21:25:28.293  INFO 22252 --- [restartedMain] w.s.c.ServletWebServerApplicationContext : Root WebApplicationContext: initialization completed in 115389 ms
2023-11-05 21:26:12.114  INFO 22252 --- [restartedMain] c.a.d.s.b.a.DruidDataSourceAutoConfigure : Init DruidDataSource
2023-11-05 21:27:17.210  INFO 22252 --- [restartedMain] com.alibaba.druid.pool.DruidDataSource   : {dataSource-1} inited
2023-11-05 21:28:50.470  INFO 22252 --- [restartedMain] o.s.b.d.a.OptionalLiveReloadServer       : LiveReload server is running on port 35729
2023-11-05 21:29:03.240  INFO 22252 --- [restartedMain] o.s.b.w.embedded.tomcat.TomcatWebServer  : Tomcat started on port(s): 80 (http) with context path ''
2023-11-05 21:29:12.562  INFO 22252 --- [restartedMain] com.cx.atm.AtmApplication                : Started AtmApplication in 340.783 seconds (JVM running for 343.251)
2023-11-05 21:29:13.467  INFO 22252 --- [http-nio-80-exec-1] o.a.c.c.C.[Tomcat].[localhost].[/]       : Initializing Spring DispatcherServlet 'dispatcherServlet'
2023-11-05 21:29:13.643  INFO 22252 --- [http-nio-80-exec-1] o.s.web.servlet.DispatcherServlet        : Initializing Servlet 'dispatcherServlet'
2023-11-05 21:29:15.946  INFO 22252 --- [http-nio-80-exec-1] o.s.web.servlet.DispatcherServlet        : Completed initialization in 2119 ms
2023-11-05 21:32:34.562  INFO 22252 --- [http-nio-80-exec-1] c.cx.atm.controller.AccountsController   : 开户添加完成
