2023-11-07 22:06:11.891  INFO 4328 --- [http-nio-80-exec-2] c.cx.atm.controller.AccountsController   : 此时的余额为:101970.0
2023-11-07 22:06:18.191  INFO 4328 --- [http-nio-80-exec-5] c.cx.atm.controller.AccountsController   : 账户ID: 43256785
2023-11-07 22:06:36.741  INFO 4328 --- [http-nio-80-exec-4] c.cx.atm.controller.AccountsController   : 此时的余额为: 101993.0
2023-11-07 22:06:40.017  INFO 4328 --- [http-nio-80-exec-3] c.cx.atm.controller.AccountsController   : 账户ID: 43256785
2023-11-07 22:06:59.941  INFO 4328 --- [http-nio-80-exec-1] c.cx.atm.controller.AccountsController   : 转账操作完成
2023-11-07 22:07:02.982  INFO 4328 --- [http-nio-80-exec-2] c.cx.atm.controller.AccountsController   : 账户ID: 43256785
2023-11-07 22:13:51.411  INFO 14900 --- [restartedMain] com.cx.atm.AtmApplication                : Starting AtmApplication using Java 1.8.0_381 on PC-20230329ZZGJ with PID 14900 (D:\JAVA\Spring\atm\target\classes started by 晨曦 in D:\JAVA\Spring\atm)
2023-11-07 22:13:51.414  INFO 14900 --- [restartedMain] com.cx.atm.AtmApplication                : No active profile set, falling back to 1 default profile: "default"
2023-11-07 22:13:51.486  INFO 14900 --- [restartedMain] .e.DevToolsPropertyDefaultsPostProcessor : Devtools property defaults active! Set 'spring.devtools.add-properties' to 'false' to disable
2023-11-07 22:13:51.487  INFO 14900 --- [restartedMain] .e.DevToolsPropertyDefaultsPostProcessor : For additional web related logging consider setting the 'logging.level.web' property to 'DEBUG'
2023-11-07 22:13:53.456  INFO 14900 --- [restartedMain] o.s.b.w.embedded.tomcat.TomcatWebServer  : Tomcat initialized with port(s): 80 (http)
2023-11-07 22:13:53.471  INFO 14900 --- [restartedMain] o.apache.catalina.core.StandardService   : Starting service [Tomcat]
2023-11-07 22:13:53.471  INFO 14900 --- [restartedMain] org.apache.catalina.core.StandardEngine  : Starting Servlet engine: [Apache Tomcat/9.0.62]
2023-11-07 22:13:53.649  INFO 14900 --- [restartedMain] o.a.c.c.C.[Tomcat].[localhost].[/]       : Initializing Spring embedded WebApplicationContext
2023-11-07 22:13:53.650  INFO 14900 --- [restartedMain] w.s.c.ServletWebServerApplicationContext : Root WebApplicationContext: initialization completed in 2162 ms
2023-11-07 22:13:53.841  INFO 14900 --- [restartedMain] c.a.d.s.b.a.DruidDataSourceAutoConfigure : Init DruidDataSource
2023-11-07 22:13:53.999  INFO 14900 --- [restartedMain] com.alibaba.druid.pool.DruidDataSource   : {dataSource-1} inited
2023-11-07 22:13:55.885  INFO 14900 --- [restartedMain] o.s.b.d.a.OptionalLiveReloadServer       : LiveReload server is running on port 35729
2023-11-07 22:13:55.931  INFO 14900 --- [restartedMain] o.s.b.w.embedded.tomcat.TomcatWebServer  : Tomcat started on port(s): 80 (http) with context path ''
2023-11-07 22:13:55.947  INFO 14900 --- [restartedMain] com.cx.atm.AtmApplication                : Started AtmApplication in 5.539 seconds (JVM running for 7.907)
2023-11-07 22:13:57.350  INFO 14900 --- [http-nio-80-exec-1] o.a.c.c.C.[Tomcat].[localhost].[/]       : Initializing Spring DispatcherServlet 'dispatcherServlet'
2023-11-07 22:13:57.351  INFO 14900 --- [http-nio-80-exec-1] o.s.web.servlet.DispatcherServlet        : Initializing Servlet 'dispatcherServlet'
2023-11-07 22:13:57.353  INFO 14900 --- [http-nio-80-exec-1] o.s.web.servlet.DispatcherServlet        : Completed initialization in 1 ms
2023-11-07 22:14:25.116  INFO 14900 --- [http-nio-80-exec-4] c.cx.atm.controller.AccountsController   : Account{userName='沈伟', cardId=43256785, passWord='312356', sex='男', money=101900.0, limitMoney=100000.0}
2023-11-07 22:14:25.116  INFO 14900 --- [http-nio-80-exec-4] c.cx.atm.controller.AccountsController   : 登录成功：Account{userName='沈伟', cardId=43256785, passWord='312356', sex='男', money=101900.0, limitMoney=100000.0}
2023-11-07 22:14:46.357  INFO 14900 --- [http-nio-80-exec-1] c.cx.atm.controller.AccountsController   : 账户ID: 43256785
2023-11-07 22:14:54.607  WARN 14900 --- [http-nio-80-exec-3] .m.m.a.ExceptionHandlerExceptionResolver : Resolved [org.springframework.jdbc.BadSqlGrammarException: <EOL><EOL>### Error querying database.  Cause: java.sql.SQLException: No value specified for parameter 1<EOL><EOL>### The error may exist in com/cx/atm/mapper/AccountsMapper.java (best guess)<EOL><EOL>### The error may involve com.cx.atm.mapper.AccountsMapper.findByLastName-Inline<EOL><EOL>### The error occurred while setting parameters<EOL><EOL>### SQL: SELECT * FROM accounts WHERE UserName LIKE CONCAT(?, '%')<EOL><EOL>### Cause: java.sql.SQLException: No value specified for parameter 1<EOL>; bad SQL grammar []; nested exception is java.sql.SQLException: No value specified for parameter 1]
2023-11-07 22:14:57.404  INFO 14900 --- [http-nio-80-exec-2] c.cx.atm.controller.AccountsController   : 账户ID: 43256785
2023-11-07 22:21:03.066  INFO 1688 --- [restartedMain] com.cx.atm.AtmApplication                : Starting AtmApplication using Java 1.8.0_381 on PC-20230329ZZGJ with PID 1688 (D:\JAVA\Spring\atm\target\classes started by 晨曦 in D:\JAVA\Spring\atm)
2023-11-07 22:21:03.069  INFO 1688 --- [restartedMain] com.cx.atm.AtmApplication                : No active profile set, falling back to 1 default profile: "default"
2023-11-07 22:21:03.144  INFO 1688 --- [restartedMain] .e.DevToolsPropertyDefaultsPostProcessor : Devtools property defaults active! Set 'spring.devtools.add-properties' to 'false' to disable
2023-11-07 22:21:03.145  INFO 1688 --- [restartedMain] .e.DevToolsPropertyDefaultsPostProcessor : For additional web related logging consider setting the 'logging.level.web' property to 'DEBUG'
2023-11-07 22:21:05.113  INFO 1688 --- [restartedMain] o.s.b.w.embedded.tomcat.TomcatWebServer  : Tomcat initialized with port(s): 80 (http)
2023-11-07 22:21:05.149  INFO 1688 --- [restartedMain] o.apache.catalina.core.StandardService   : Starting service [Tomcat]
2023-11-07 22:21:05.150  INFO 1688 --- [restartedMain] org.apache.catalina.core.StandardEngine  : Starting Servlet engine: [Apache Tomcat/9.0.62]
2023-11-07 22:21:05.479  INFO 1688 --- [restartedMain] o.a.c.c.C.[Tomcat].[localhost].[/]       : Initializing Spring embedded WebApplicationContext
2023-11-07 22:21:05.492  INFO 1688 --- [restartedMain] w.s.c.ServletWebServerApplicationContext : Root WebApplicationContext: initialization completed in 2346 ms
2023-11-07 22:21:05.697  INFO 1688 --- [restartedMain] c.a.d.s.b.a.DruidDataSourceAutoConfigure : Init DruidDataSource
2023-11-07 22:21:05.862  INFO 1688 --- [restartedMain] com.alibaba.druid.pool.DruidDataSource   : {dataSource-1} inited
2023-11-07 22:21:07.722  INFO 1688 --- [restartedMain] o.s.b.d.a.OptionalLiveReloadServer       : LiveReload server is running on port 35729
2023-11-07 22:21:07.777  INFO 1688 --- [restartedMain] o.s.b.w.embedded.tomcat.TomcatWebServer  : Tomcat started on port(s): 80 (http) with context path ''
2023-11-07 22:21:07.792  INFO 1688 --- [restartedMain] com.cx.atm.AtmApplication                : Started AtmApplication in 5.589 seconds (JVM running for 8.02)
2023-11-07 22:21:19.226  INFO 10524 --- [restartedMain] com.cx.atm.AtmApplication                : Starting AtmApplication using Java 1.8.0_381 on PC-20230329ZZGJ with PID 10524 (D:\JAVA\Spring\atm\target\classes started by 晨曦 in D:\JAVA\Spring\atm)
2023-11-07 22:21:19.229  INFO 10524 --- [restartedMain] com.cx.atm.AtmApplication                : No active profile set, falling back to 1 default profile: "default"
2023-11-07 22:21:19.305  INFO 10524 --- [restartedMain] .e.DevToolsPropertyDefaultsPostProcessor : Devtools property defaults active! Set 'spring.devtools.add-properties' to 'false' to disable
2023-11-07 22:21:19.306  INFO 10524 --- [restartedMain] .e.DevToolsPropertyDefaultsPostProcessor : For additional web related logging consider setting the 'logging.level.web' property to 'DEBUG'
2023-11-07 22:21:21.332  INFO 10524 --- [restartedMain] o.s.b.w.embedded.tomcat.TomcatWebServer  : Tomcat initialized with port(s): 80 (http)
2023-11-07 22:21:21.360  INFO 10524 --- [restartedMain] o.apache.catalina.core.StandardService   : Starting service [Tomcat]
2023-11-07 22:21:21.361  INFO 10524 --- [restartedMain] org.apache.catalina.core.StandardEngine  : Starting Servlet engine: [Apache Tomcat/9.0.62]
2023-11-07 22:21:21.537  INFO 10524 --- [restartedMain] o.a.c.c.C.[Tomcat].[localhost].[/]       : Initializing Spring embedded WebApplicationContext
2023-11-07 22:21:21.550  INFO 10524 --- [restartedMain] w.s.c.ServletWebServerApplicationContext : Root WebApplicationContext: initialization completed in 2243 ms
2023-11-07 22:21:21.765  INFO 10524 --- [restartedMain] c.a.d.s.b.a.DruidDataSourceAutoConfigure : Init DruidDataSource
2023-11-07 22:21:21.927  INFO 10524 --- [restartedMain] com.alibaba.druid.pool.DruidDataSource   : {dataSource-1} inited
2023-11-07 22:21:24.561  INFO 10524 --- [restartedMain] o.s.b.d.a.OptionalLiveReloadServer       : LiveReload server is running on port 35729
2023-11-07 22:21:24.640  INFO 10524 --- [restartedMain] o.s.b.w.embedded.tomcat.TomcatWebServer  : Tomcat started on port(s): 80 (http) with context path ''
2023-11-07 22:21:24.660  INFO 10524 --- [restartedMain] com.cx.atm.AtmApplication                : Started AtmApplication in 6.327 seconds (JVM running for 8.603)
2023-11-07 22:21:28.845  INFO 10524 --- [http-nio-80-exec-1] o.a.c.c.C.[Tomcat].[localhost].[/]       : Initializing Spring DispatcherServlet 'dispatcherServlet'
2023-11-07 22:21:28.856  INFO 10524 --- [http-nio-80-exec-1] o.s.web.servlet.DispatcherServlet        : Initializing Servlet 'dispatcherServlet'
2023-11-07 22:21:28.867  INFO 10524 --- [http-nio-80-exec-1] o.s.web.servlet.DispatcherServlet        : Completed initialization in 1 ms
2023-11-07 22:21:30.108  INFO 10524 --- [http-nio-80-exec-1] c.cx.atm.controller.AccountsController   : Account{userName='沈伟', cardId=43256785, passWord='312356', sex='男', money=101900.0, limitMoney=100000.0}
2023-11-07 22:21:30.116  INFO 10524 --- [http-nio-80-exec-1] c.cx.atm.controller.AccountsController   : 登录成功：Account{userName='沈伟', cardId=43256785, passWord='312356', sex='男', money=101900.0, limitMoney=100000.0}
2023-11-07 22:21:33.466  INFO 10524 --- [http-nio-80-exec-2] c.cx.atm.controller.AccountsController   : 账户ID: 43256785
2023-11-07 22:21:54.967  WARN 10524 --- [http-nio-80-exec-3] .m.m.a.ExceptionHandlerExceptionResolver : Resolved [org.springframework.jdbc.BadSqlGrammarException: <EOL><EOL>### Error querying database.  Cause: java.sql.SQLException: No value specified for parameter 1<EOL><EOL>### The error may exist in com/cx/atm/mapper/AccountsMapper.java (best guess)<EOL><EOL>### The error may involve com.cx.atm.mapper.AccountsMapper.findByLastName-Inline<EOL><EOL>### The error occurred while setting parameters<EOL><EOL>### SQL: SELECT * FROM accounts WHERE UserName LIKE ?<EOL><EOL>### Cause: java.sql.SQLException: No value specified for parameter 1<EOL>; bad SQL grammar []; nested exception is java.sql.SQLException: No value specified for parameter 1]
2023-11-07 22:21:57.950  INFO 10524 --- [http-nio-80-exec-4] c.cx.atm.controller.AccountsController   : 账户ID: 43256785
2023-11-07 22:23:27.796  INFO 15764 --- [restartedMain] com.cx.atm.AtmApplication                : Starting AtmApplication using Java 1.8.0_381 on PC-20230329ZZGJ with PID 15764 (D:\JAVA\Spring\atm\target\classes started by 晨曦 in D:\JAVA\Spring\atm)
2023-11-07 22:23:27.799  INFO 15764 --- [restartedMain] com.cx.atm.AtmApplication                : No active profile set, falling back to 1 default profile: "default"
2023-11-07 22:23:27.881  INFO 15764 --- [restartedMain] .e.DevToolsPropertyDefaultsPostProcessor : Devtools property defaults active! Set 'spring.devtools.add-properties' to 'false' to disable
2023-11-07 22:23:27.882  INFO 15764 --- [restartedMain] .e.DevToolsPropertyDefaultsPostProcessor : For additional web related logging consider setting the 'logging.level.web' property to 'DEBUG'
2023-11-07 22:23:29.619  INFO 15764 --- [restartedMain] o.s.b.w.embedded.tomcat.TomcatWebServer  : Tomcat initialized with port(s): 80 (http)
2023-11-07 22:23:29.644  INFO 15764 --- [restartedMain] o.apache.catalina.core.StandardService   : Starting service [Tomcat]
2023-11-07 22:23:29.644  INFO 15764 --- [restartedMain] org.apache.catalina.core.StandardEngine  : Starting Servlet engine: [Apache Tomcat/9.0.62]
2023-11-07 22:23:29.798  INFO 15764 --- [restartedMain] o.a.c.c.C.[Tomcat].[localhost].[/]       : Initializing Spring embedded WebApplicationContext
2023-11-07 22:23:29.808  INFO 15764 --- [restartedMain] w.s.c.ServletWebServerApplicationContext : Root WebApplicationContext: initialization completed in 1925 ms
2023-11-07 22:23:30.005  INFO 15764 --- [restartedMain] c.a.d.s.b.a.DruidDataSourceAutoConfigure : Init DruidDataSource
2023-11-07 22:23:30.162  INFO 15764 --- [restartedMain] com.alibaba.druid.pool.DruidDataSource   : {dataSource-1} inited
2023-11-07 22:23:32.122  INFO 15764 --- [restartedMain] o.s.b.d.a.OptionalLiveReloadServer       : LiveReload server is running on port 35729
2023-11-07 22:23:32.182  INFO 15764 --- [restartedMain] o.s.b.w.embedded.tomcat.TomcatWebServer  : Tomcat started on port(s): 80 (http) with context path ''
2023-11-07 22:23:32.200  INFO 15764 --- [restartedMain] com.cx.atm.AtmApplication                : Started AtmApplication in 5.451 seconds (JVM running for 7.482)
2023-11-07 22:23:42.370  INFO 15764 --- [http-nio-80-exec-1] o.a.c.c.C.[Tomcat].[localhost].[/]       : Initializing Spring DispatcherServlet 'dispatcherServlet'
2023-11-07 22:23:42.381  INFO 15764 --- [http-nio-80-exec-1] o.s.web.servlet.DispatcherServlet        : Initializing Servlet 'dispatcherServlet'
2023-11-07 22:23:42.393  INFO 15764 --- [http-nio-80-exec-1] o.s.web.servlet.DispatcherServlet        : Completed initialization in 1 ms
2023-11-07 22:23:43.595  INFO 15764 --- [http-nio-80-exec-1] c.cx.atm.controller.AccountsController   : Account{userName='沈伟', cardId=43256785, passWord='312356', sex='男', money=101900.0, limitMoney=100000.0}
2023-11-07 22:23:43.603  INFO 15764 --- [http-nio-80-exec-1] c.cx.atm.controller.AccountsController   : 登录成功：Account{userName='沈伟', cardId=43256785, passWord='312356', sex='男', money=101900.0, limitMoney=100000.0}
2023-11-07 22:23:46.944  INFO 15764 --- [http-nio-80-exec-3] c.cx.atm.controller.AccountsController   : 账户ID: 43256785
2023-11-07 22:24:08.474  INFO 15764 --- [http-nio-80-exec-2] c.cx.atm.controller.AccountsController   : 转账操作完成
2023-11-07 22:24:11.511  INFO 15764 --- [http-nio-80-exec-4] c.cx.atm.controller.AccountsController   : 账户ID: 43256785
2023-11-07 22:27:16.029  WARN 15764 --- [http-nio-80-exec-6] c.a.druid.pool.DruidAbstractDataSource   : discard long time none received connection. , jdbcUrl : jdbc:mysql://localhost:3306/dbc?serverTimezone=UTC, version : 1.2.8, lastPacketReceivedIdleMillis : 184493
2023-11-08 12:03:17.852  INFO 10168 --- [restartedMain] com.cx.atm.AtmApplication                : Starting AtmApplication using Java 1.8.0_381 on PC-20230329ZZGJ with PID 10168 (D:\JAVA\Spring\atm\target\classes started by 晨曦 in D:\JAVA\Spring\atm)
2023-11-08 12:03:17.872  INFO 10168 --- [restartedMain] com.cx.atm.AtmApplication                : No active profile set, falling back to 1 default profile: "default"
2023-11-08 12:03:17.980  INFO 10168 --- [restartedMain] .e.DevToolsPropertyDefaultsPostProcessor : Devtools property defaults active! Set 'spring.devtools.add-properties' to 'false' to disable
2023-11-08 12:03:17.981  INFO 10168 --- [restartedMain] .e.DevToolsPropertyDefaultsPostProcessor : For additional web related logging consider setting the 'logging.level.web' property to 'DEBUG'
