2023-11-04 10:56:59.728  INFO 44448 --- [http-nio-8081-exec-5] com.cx.atm.controller.AccountController  : 账户已删除
2023-11-04 11:02:39.394  WARN 44448 --- [http-nio-8081-exec-8] .m.m.a.ExceptionHandlerExceptionResolver : Resolved [org.springframework.http.converter.HttpMessageNotReadableException: Required request body is missing: public org.springframework.http.ResponseEntity<com.cx.atm.pojo.Account> com.cx.atm.controller.AccountController.updateAccount(java.lang.Integer,com.cx.atm.pojo.Account)]
2023-11-04 11:12:42.792  INFO 26008 --- [restartedMain] com.cx.atm.AtmApplication                : Starting AtmApplication using Java 1.8.0_381 on PC-20230329ZZGJ with PID 26008 (D:\JAVA\Spring\atm\target\classes started by 晨曦 in D:\JAVA\Spring\atm)
2023-11-04 11:12:42.794  INFO 26008 --- [restartedMain] com.cx.atm.AtmApplication                : No active profile set, falling back to 1 default profile: "default"
2023-11-04 11:12:42.863  INFO 26008 --- [restartedMain] .e.DevToolsPropertyDefaultsPostProcessor : Devtools property defaults active! Set 'spring.devtools.add-properties' to 'false' to disable
2023-11-04 11:12:42.863  INFO 26008 --- [restartedMain] .e.DevToolsPropertyDefaultsPostProcessor : For additional web related logging consider setting the 'logging.level.web' property to 'DEBUG'
2023-11-04 11:12:44.645  INFO 26008 --- [restartedMain] o.s.b.w.embedded.tomcat.TomcatWebServer  : Tomcat initialized with port(s): 8081 (http)
2023-11-04 11:12:44.657  INFO 26008 --- [restartedMain] o.apache.catalina.core.StandardService   : Starting service [Tomcat]
2023-11-04 11:12:44.658  INFO 26008 --- [restartedMain] org.apache.catalina.core.StandardEngine  : Starting Servlet engine: [Apache Tomcat/9.0.62]
2023-11-04 11:12:44.814  INFO 26008 --- [restartedMain] o.a.c.c.C.[Tomcat].[localhost].[/]       : Initializing Spring embedded WebApplicationContext
2023-11-04 11:12:44.815  INFO 26008 --- [restartedMain] w.s.c.ServletWebServerApplicationContext : Root WebApplicationContext: initialization completed in 1951 ms
2023-11-04 11:12:45.024  INFO 26008 --- [restartedMain] c.a.d.s.b.a.DruidDataSourceAutoConfigure : Init DruidDataSource
2023-11-04 11:12:45.179  INFO 26008 --- [restartedMain] com.alibaba.druid.pool.DruidDataSource   : {dataSource-1} inited
2023-11-04 11:12:47.040  INFO 26008 --- [restartedMain] o.s.b.d.a.OptionalLiveReloadServer       : LiveReload server is running on port 35729
2023-11-04 11:12:47.087  INFO 26008 --- [restartedMain] o.s.b.w.embedded.tomcat.TomcatWebServer  : Tomcat started on port(s): 8081 (http) with context path ''
2023-11-04 11:12:47.100  INFO 26008 --- [restartedMain] com.cx.atm.AtmApplication                : Started AtmApplication in 5.164 seconds (JVM running for 7.369)
2023-11-04 11:13:04.530  INFO 26008 --- [http-nio-8081-exec-1] o.a.c.c.C.[Tomcat].[localhost].[/]       : Initializing Spring DispatcherServlet 'dispatcherServlet'
2023-11-04 11:13:04.531  INFO 26008 --- [http-nio-8081-exec-1] o.s.web.servlet.DispatcherServlet        : Initializing Servlet 'dispatcherServlet'
2023-11-04 11:13:04.533  INFO 26008 --- [http-nio-8081-exec-1] o.s.web.servlet.DispatcherServlet        : Completed initialization in 1 ms
2023-11-04 11:13:04.681  WARN 26008 --- [http-nio-8081-exec-1] .m.m.a.ExceptionHandlerExceptionResolver : Resolved [org.springframework.http.converter.HttpMessageNotReadableException: Required request body is missing: public com.cx.atm.pojo.Account com.cx.atm.controller.AccountController.addAccount(com.cx.atm.pojo.Account)]
2023-11-04 11:17:35.143  WARN 26008 --- [http-nio-8081-exec-5] .m.m.a.ExceptionHandlerExceptionResolver : Resolved [org.springframework.dao.DataIntegrityViolationException: <EOL><EOL>### Error updating database.  Cause: java.sql.SQLIntegrityConstraintViolationException: Column 'user_id' cannot be null<EOL><EOL>### The error may exist in com/cx/atm/mapper/AccountMapper.java (best guess)<EOL><EOL>### The error may involve com.cx.atm.mapper.AccountMapper.addAccount-Inline<EOL><EOL>### The error occurred while setting parameters<EOL><EOL>### SQL: INSERT INTO account(user_id,balance) VALUES (?,?)<EOL><EOL>### Cause: java.sql.SQLIntegrityConstraintViolationException: Column 'user_id' cannot be null<EOL>; Column 'user_id' cannot be null; nested exception is java.sql.SQLIntegrityConstraintViolationException: Column 'user_id' cannot be null]
2023-11-04 11:20:25.140  WARN 26008 --- [http-nio-8081-exec-8] c.a.druid.pool.DruidAbstractDataSource   : discard long time none received connection. , jdbcUrl : jdbc:mysql://localhost:3306/dbc?serverTimezone=UTC, version : 1.2.8, lastPacketReceivedIdleMillis : 170139
2023-11-04 11:20:25.177  INFO 26008 --- [http-nio-8081-exec-8] com.cx.atm.controller.AccountController  : 账户添加完成
2023-11-04 12:04:11.411  INFO 35968 --- [restartedMain] com.cx.atm.AtmApplication                : Starting AtmApplication using Java 1.8.0_381 on PC-20230329ZZGJ with PID 35968 (D:\JAVA\Spring\atm\target\classes started by 晨曦 in D:\JAVA\Spring\atm)
2023-11-04 12:04:11.414  INFO 35968 --- [restartedMain] com.cx.atm.AtmApplication                : No active profile set, falling back to 1 default profile: "default"
2023-11-04 12:04:11.486  INFO 35968 --- [restartedMain] .e.DevToolsPropertyDefaultsPostProcessor : Devtools property defaults active! Set 'spring.devtools.add-properties' to 'false' to disable
2023-11-04 12:04:11.487  INFO 35968 --- [restartedMain] .e.DevToolsPropertyDefaultsPostProcessor : For additional web related logging consider setting the 'logging.level.web' property to 'DEBUG'
2023-11-04 12:04:13.458  INFO 35968 --- [restartedMain] o.s.b.w.embedded.tomcat.TomcatWebServer  : Tomcat initialized with port(s): 8081 (http)
2023-11-04 12:04:13.485  INFO 35968 --- [restartedMain] o.apache.catalina.core.StandardService   : Starting service [Tomcat]
2023-11-04 12:04:13.485  INFO 35968 --- [restartedMain] org.apache.catalina.core.StandardEngine  : Starting Servlet engine: [Apache Tomcat/9.0.62]
2023-11-04 12:04:13.659  INFO 35968 --- [restartedMain] o.a.c.c.C.[Tomcat].[localhost].[/]       : Initializing Spring embedded WebApplicationContext
2023-11-04 12:04:13.669  INFO 35968 --- [restartedMain] w.s.c.ServletWebServerApplicationContext : Root WebApplicationContext: initialization completed in 2181 ms
2023-11-04 12:04:13.894  INFO 35968 --- [restartedMain] c.a.d.s.b.a.DruidDataSourceAutoConfigure : Init DruidDataSource
2023-11-04 12:04:14.094  INFO 35968 --- [restartedMain] com.alibaba.druid.pool.DruidDataSource   : {dataSource-1} inited
2023-11-04 12:04:15.992  INFO 35968 --- [restartedMain] o.s.b.d.a.OptionalLiveReloadServer       : LiveReload server is running on port 35729
2023-11-04 12:04:16.054  INFO 35968 --- [restartedMain] o.s.b.w.embedded.tomcat.TomcatWebServer  : Tomcat started on port(s): 8081 (http) with context path ''
2023-11-04 12:04:16.068  INFO 35968 --- [restartedMain] com.cx.atm.AtmApplication                : Started AtmApplication in 5.552 seconds (JVM running for 7.69)
2023-11-04 12:05:02.775  INFO 35968 --- [http-nio-8081-exec-1] o.a.c.c.C.[Tomcat].[localhost].[/]       : Initializing Spring DispatcherServlet 'dispatcherServlet'
2023-11-04 12:05:02.785  INFO 35968 --- [http-nio-8081-exec-1] o.s.web.servlet.DispatcherServlet        : Initializing Servlet 'dispatcherServlet'
2023-11-04 12:05:02.798  INFO 35968 --- [http-nio-8081-exec-1] o.s.web.servlet.DispatcherServlet        : Completed initialization in 1 ms
2023-11-04 12:05:04.188  INFO 35968 --- [http-nio-8081-exec-1] com.cx.atm.controller.AccountController  : 账户更新成功
2023-11-04 12:14:53.943  WARN 35968 --- [http-nio-8081-exec-8] .m.m.a.ExceptionHandlerExceptionResolver : Resolved [org.mybatis.spring.MyBatisSystemException: nested exception is org.apache.ibatis.binding.BindingException: Parameter 'offset' not found. Available parameters are [size, page, param1, param2]]
2023-11-04 12:18:12.158  INFO 44756 --- [restartedMain] com.cx.atm.AtmApplication                : Starting AtmApplication using Java 1.8.0_381 on PC-20230329ZZGJ with PID 44756 (D:\JAVA\Spring\atm\target\classes started by 晨曦 in D:\JAVA\Spring\atm)
2023-11-04 12:18:12.160  INFO 44756 --- [restartedMain] com.cx.atm.AtmApplication                : No active profile set, falling back to 1 default profile: "default"
2023-11-04 12:18:12.225  INFO 44756 --- [restartedMain] .e.DevToolsPropertyDefaultsPostProcessor : Devtools property defaults active! Set 'spring.devtools.add-properties' to 'false' to disable
2023-11-04 12:18:12.225  INFO 44756 --- [restartedMain] .e.DevToolsPropertyDefaultsPostProcessor : For additional web related logging consider setting the 'logging.level.web' property to 'DEBUG'
2023-11-04 12:18:13.903  INFO 44756 --- [restartedMain] o.s.b.w.embedded.tomcat.TomcatWebServer  : Tomcat initialized with port(s): 8081 (http)
2023-11-04 12:18:13.929  INFO 44756 --- [restartedMain] o.apache.catalina.core.StandardService   : Starting service [Tomcat]
2023-11-04 12:18:13.929  INFO 44756 --- [restartedMain] org.apache.catalina.core.StandardEngine  : Starting Servlet engine: [Apache Tomcat/9.0.62]
2023-11-04 12:18:14.119  INFO 44756 --- [restartedMain] o.a.c.c.C.[Tomcat].[localhost].[/]       : Initializing Spring embedded WebApplicationContext
2023-11-04 12:18:14.129  INFO 44756 --- [restartedMain] w.s.c.ServletWebServerApplicationContext : Root WebApplicationContext: initialization completed in 1903 ms
2023-11-04 12:18:14.314  INFO 44756 --- [restartedMain] c.a.d.s.b.a.DruidDataSourceAutoConfigure : Init DruidDataSource
2023-11-04 12:18:14.477  INFO 44756 --- [restartedMain] com.alibaba.druid.pool.DruidDataSource   : {dataSource-1} inited
2023-11-04 12:18:16.239  INFO 44756 --- [restartedMain] o.s.b.d.a.OptionalLiveReloadServer       : LiveReload server is running on port 35729
2023-11-04 12:18:16.291  INFO 44756 --- [restartedMain] o.s.b.w.embedded.tomcat.TomcatWebServer  : Tomcat started on port(s): 8081 (http) with context path ''
2023-11-04 12:18:16.306  INFO 44756 --- [restartedMain] com.cx.atm.AtmApplication                : Started AtmApplication in 4.921 seconds (JVM running for 6.963)
2023-11-04 12:18:30.025  INFO 44756 --- [http-nio-8081-exec-1] o.a.c.c.C.[Tomcat].[localhost].[/]       : Initializing Spring DispatcherServlet 'dispatcherServlet'
2023-11-04 12:18:30.036  INFO 44756 --- [http-nio-8081-exec-1] o.s.web.servlet.DispatcherServlet        : Initializing Servlet 'dispatcherServlet'
2023-11-04 12:18:30.048  INFO 44756 --- [http-nio-8081-exec-1] o.s.web.servlet.DispatcherServlet        : Completed initialization in 1 ms
2023-11-04 12:18:31.348  INFO 44756 --- [http-nio-8081-exec-1] com.cx.atm.controller.AccountController  : 当前页: 1，每页大小: 10
2023-11-04 12:19:37.342  INFO 32440 --- [restartedMain] com.cx.atm.AtmApplication                : Starting AtmApplication using Java 1.8.0_381 on PC-20230329ZZGJ with PID 32440 (D:\JAVA\Spring\atm\target\classes started by 晨曦 in D:\JAVA\Spring\atm)
2023-11-04 12:19:37.345  INFO 32440 --- [restartedMain] com.cx.atm.AtmApplication                : No active profile set, falling back to 1 default profile: "default"
2023-11-04 12:19:37.421  INFO 32440 --- [restartedMain] .e.DevToolsPropertyDefaultsPostProcessor : Devtools property defaults active! Set 'spring.devtools.add-properties' to 'false' to disable
2023-11-04 12:19:37.421  INFO 32440 --- [restartedMain] .e.DevToolsPropertyDefaultsPostProcessor : For additional web related logging consider setting the 'logging.level.web' property to 'DEBUG'
2023-11-04 12:19:39.438  INFO 32440 --- [restartedMain] o.s.b.w.embedded.tomcat.TomcatWebServer  : Tomcat initialized with port(s): 8081 (http)
2023-11-04 12:19:39.471  INFO 32440 --- [restartedMain] o.apache.catalina.core.StandardService   : Starting service [Tomcat]
2023-11-04 12:19:39.471  INFO 32440 --- [restartedMain] org.apache.catalina.core.StandardEngine  : Starting Servlet engine: [Apache Tomcat/9.0.62]
2023-11-04 12:19:39.663  INFO 32440 --- [restartedMain] o.a.c.c.C.[Tomcat].[localhost].[/]       : Initializing Spring embedded WebApplicationContext
2023-11-04 12:19:39.674  INFO 32440 --- [restartedMain] w.s.c.ServletWebServerApplicationContext : Root WebApplicationContext: initialization completed in 2252 ms
2023-11-04 12:19:39.863  INFO 32440 --- [restartedMain] c.a.d.s.b.a.DruidDataSourceAutoConfigure : Init DruidDataSource
2023-11-04 12:19:40.033  INFO 32440 --- [restartedMain] com.alibaba.druid.pool.DruidDataSource   : {dataSource-1} inited
2023-11-04 12:19:42.364  INFO 32440 --- [restartedMain] o.s.b.d.a.OptionalLiveReloadServer       : LiveReload server is running on port 35729
2023-11-04 12:19:42.423  INFO 32440 --- [restartedMain] o.s.b.w.embedded.tomcat.TomcatWebServer  : Tomcat started on port(s): 8081 (http) with context path ''
2023-11-04 12:19:42.439  INFO 32440 --- [restartedMain] com.cx.atm.AtmApplication                : Started AtmApplication in 6.004 seconds (JVM running for 8.322)
2023-11-04 12:19:48.165  INFO 32440 --- [http-nio-8081-exec-2] o.a.c.c.C.[Tomcat].[localhost].[/]       : Initializing Spring DispatcherServlet 'dispatcherServlet'
2023-11-04 12:19:48.178  INFO 32440 --- [http-nio-8081-exec-2] o.s.web.servlet.DispatcherServlet        : Initializing Servlet 'dispatcherServlet'
2023-11-04 12:19:48.189  INFO 32440 --- [http-nio-8081-exec-2] o.s.web.servlet.DispatcherServlet        : Completed initialization in 1 ms
2023-11-04 12:19:49.528  INFO 32440 --- [http-nio-8081-exec-2] com.cx.atm.controller.AccountController  : 当前页: 0，每页大小: 10
2023-11-04 12:23:20.318  INFO 31932 --- [restartedMain] com.cx.atm.AtmApplication                : Starting AtmApplication using Java 1.8.0_381 on PC-20230329ZZGJ with PID 31932 (D:\JAVA\Spring\atm\target\classes started by 晨曦 in D:\JAVA\Spring\atm)
2023-11-04 12:23:20.321  INFO 31932 --- [restartedMain] com.cx.atm.AtmApplication                : No active profile set, falling back to 1 default profile: "default"
2023-11-04 12:23:20.393  INFO 31932 --- [restartedMain] .e.DevToolsPropertyDefaultsPostProcessor : Devtools property defaults active! Set 'spring.devtools.add-properties' to 'false' to disable
2023-11-04 12:23:20.394  INFO 31932 --- [restartedMain] .e.DevToolsPropertyDefaultsPostProcessor : For additional web related logging consider setting the 'logging.level.web' property to 'DEBUG'
2023-11-04 12:23:22.219  INFO 31932 --- [restartedMain] o.s.b.w.embedded.tomcat.TomcatWebServer  : Tomcat initialized with port(s): 8081 (http)
2023-11-04 12:23:22.244  INFO 31932 --- [restartedMain] o.apache.catalina.core.StandardService   : Starting service [Tomcat]
2023-11-04 12:23:22.245  INFO 31932 --- [restartedMain] org.apache.catalina.core.StandardEngine  : Starting Servlet engine: [Apache Tomcat/9.0.62]
2023-11-04 12:23:22.409  INFO 31932 --- [restartedMain] o.a.c.c.C.[Tomcat].[localhost].[/]       : Initializing Spring embedded WebApplicationContext
2023-11-04 12:23:22.421  INFO 31932 --- [restartedMain] w.s.c.ServletWebServerApplicationContext : Root WebApplicationContext: initialization completed in 2026 ms
2023-11-04 12:23:22.618  INFO 31932 --- [restartedMain] c.a.d.s.b.a.DruidDataSourceAutoConfigure : Init DruidDataSource
2023-11-04 12:23:22.787  INFO 31932 --- [restartedMain] com.alibaba.druid.pool.DruidDataSource   : {dataSource-1} inited
2023-11-04 12:23:24.682  INFO 31932 --- [restartedMain] o.s.b.d.a.OptionalLiveReloadServer       : LiveReload server is running on port 35729
2023-11-04 12:23:24.736  INFO 31932 --- [restartedMain] o.s.b.w.embedded.tomcat.TomcatWebServer  : Tomcat started on port(s): 8081 (http) with context path ''
2023-11-04 12:23:24.752  INFO 31932 --- [restartedMain] com.cx.atm.AtmApplication                : Started AtmApplication in 5.234 seconds (JVM running for 7.246)
2023-11-04 12:23:30.652  INFO 31932 --- [http-nio-8081-exec-3] o.a.c.c.C.[Tomcat].[localhost].[/]       : Initializing Spring DispatcherServlet 'dispatcherServlet'
2023-11-04 12:23:30.662  INFO 31932 --- [http-nio-8081-exec-3] o.s.web.servlet.DispatcherServlet        : Initializing Servlet 'dispatcherServlet'
2023-11-04 12:23:30.672  INFO 31932 --- [http-nio-8081-exec-3] o.s.web.servlet.DispatcherServlet        : Completed initialization in 1 ms
2023-11-04 12:23:30.846  WARN 31932 --- [http-nio-8081-exec-3] .m.m.a.ExceptionHandlerExceptionResolver : Resolved [org.mybatis.spring.MyBatisSystemException: nested exception is org.apache.ibatis.binding.BindingException: Parameter 'page' not found. Available parameters are [currentPage, param1, currentSize, param2]]
2023-11-04 12:25:31.386  INFO 33652 --- [restartedMain] com.cx.atm.AtmApplication                : Starting AtmApplication using Java 1.8.0_381 on PC-20230329ZZGJ with PID 33652 (D:\JAVA\Spring\atm\target\classes started by 晨曦 in D:\JAVA\Spring\atm)
2023-11-04 12:25:31.395  INFO 33652 --- [restartedMain] com.cx.atm.AtmApplication                : No active profile set, falling back to 1 default profile: "default"
2023-11-04 12:25:31.528  INFO 33652 --- [restartedMain] .e.DevToolsPropertyDefaultsPostProcessor : Devtools property defaults active! Set 'spring.devtools.add-properties' to 'false' to disable
2023-11-04 12:25:31.529  INFO 33652 --- [restartedMain] .e.DevToolsPropertyDefaultsPostProcessor : For additional web related logging consider setting the 'logging.level.web' property to 'DEBUG'
2023-11-04 12:25:33.449  INFO 33652 --- [restartedMain] o.s.b.w.embedded.tomcat.TomcatWebServer  : Tomcat initialized with port(s): 8081 (http)
2023-11-04 12:25:33.474  INFO 33652 --- [restartedMain] o.apache.catalina.core.StandardService   : Starting service [Tomcat]
2023-11-04 12:25:33.475  INFO 33652 --- [restartedMain] org.apache.catalina.core.StandardEngine  : Starting Servlet engine: [Apache Tomcat/9.0.62]
2023-11-04 12:25:33.626  INFO 33652 --- [restartedMain] o.a.c.c.C.[Tomcat].[localhost].[/]       : Initializing Spring embedded WebApplicationContext
2023-11-04 12:25:33.635  INFO 33652 --- [restartedMain] w.s.c.ServletWebServerApplicationContext : Root WebApplicationContext: initialization completed in 2104 ms
2023-11-04 12:25:33.857  INFO 33652 --- [restartedMain] c.a.d.s.b.a.DruidDataSourceAutoConfigure : Init DruidDataSource
2023-11-04 12:25:34.026  INFO 33652 --- [restartedMain] com.alibaba.druid.pool.DruidDataSource   : {dataSource-1} inited
2023-11-04 12:25:35.986  INFO 33652 --- [restartedMain] o.s.b.d.a.OptionalLiveReloadServer       : LiveReload server is running on port 35729
2023-11-04 12:25:36.047  INFO 33652 --- [restartedMain] o.s.b.w.embedded.tomcat.TomcatWebServer  : Tomcat started on port(s): 8081 (http) with context path ''
2023-11-04 12:25:36.061  INFO 33652 --- [restartedMain] com.cx.atm.AtmApplication                : Started AtmApplication in 5.665 seconds (JVM running for 7.86)
2023-11-04 12:25:40.470  INFO 33652 --- [http-nio-8081-exec-1] o.a.c.c.C.[Tomcat].[localhost].[/]       : Initializing Spring DispatcherServlet 'dispatcherServlet'
2023-11-04 12:25:40.480  INFO 33652 --- [http-nio-8081-exec-1] o.s.web.servlet.DispatcherServlet        : Initializing Servlet 'dispatcherServlet'
2023-11-04 12:25:40.492  INFO 33652 --- [http-nio-8081-exec-1] o.s.web.servlet.DispatcherServlet        : Completed initialization in 1 ms
2023-11-04 12:25:41.760  INFO 33652 --- [http-nio-8081-exec-1] com.cx.atm.controller.AccountController  : 当前页: 0，每页大小: 10
2023-11-04 12:26:03.924  INFO 33652 --- [http-nio-8081-exec-3] com.cx.atm.controller.AccountController  : 当前页: 0，每页大小: 10
2023-11-04 12:26:47.927  INFO 45884 --- [restartedMain] com.cx.atm.AtmApplication                : Starting AtmApplication using Java 1.8.0_381 on PC-20230329ZZGJ with PID 45884 (D:\JAVA\Spring\atm\target\classes started by 晨曦 in D:\JAVA\Spring\atm)
2023-11-04 12:26:47.929  INFO 45884 --- [restartedMain] com.cx.atm.AtmApplication                : No active profile set, falling back to 1 default profile: "default"
2023-11-04 12:26:47.990  INFO 45884 --- [restartedMain] .e.DevToolsPropertyDefaultsPostProcessor : Devtools property defaults active! Set 'spring.devtools.add-properties' to 'false' to disable
2023-11-04 12:26:47.990  INFO 45884 --- [restartedMain] .e.DevToolsPropertyDefaultsPostProcessor : For additional web related logging consider setting the 'logging.level.web' property to 'DEBUG'
2023-11-04 12:26:49.690  INFO 45884 --- [restartedMain] o.s.b.w.embedded.tomcat.TomcatWebServer  : Tomcat initialized with port(s): 8081 (http)
2023-11-04 12:26:49.721  INFO 45884 --- [restartedMain] o.apache.catalina.core.StandardService   : Starting service [Tomcat]
2023-11-04 12:26:49.721  INFO 45884 --- [restartedMain] org.apache.catalina.core.StandardEngine  : Starting Servlet engine: [Apache Tomcat/9.0.62]
2023-11-04 12:26:49.879  INFO 45884 --- [restartedMain] o.a.c.c.C.[Tomcat].[localhost].[/]       : Initializing Spring embedded WebApplicationContext
2023-11-04 12:26:49.888  INFO 45884 --- [restartedMain] w.s.c.ServletWebServerApplicationContext : Root WebApplicationContext: initialization completed in 1897 ms
2023-11-04 12:26:50.081  INFO 45884 --- [restartedMain] c.a.d.s.b.a.DruidDataSourceAutoConfigure : Init DruidDataSource
2023-11-04 12:26:50.234  INFO 45884 --- [restartedMain] com.alibaba.druid.pool.DruidDataSource   : {dataSource-1} inited
2023-11-04 12:26:52.079  INFO 45884 --- [restartedMain] o.s.b.d.a.OptionalLiveReloadServer       : LiveReload server is running on port 35729
2023-11-04 12:26:52.132  INFO 45884 --- [restartedMain] o.s.b.w.embedded.tomcat.TomcatWebServer  : Tomcat started on port(s): 8081 (http) with context path ''
2023-11-04 12:26:52.144  INFO 45884 --- [restartedMain] com.cx.atm.AtmApplication                : Started AtmApplication in 4.972 seconds (JVM running for 7.0)
2023-11-04 12:26:57.501  INFO 45884 --- [http-nio-8081-exec-2] o.a.c.c.C.[Tomcat].[localhost].[/]       : Initializing Spring DispatcherServlet 'dispatcherServlet'
2023-11-04 12:26:57.514  INFO 45884 --- [http-nio-8081-exec-2] o.s.web.servlet.DispatcherServlet        : Initializing Servlet 'dispatcherServlet'
2023-11-04 12:26:57.524  INFO 45884 --- [http-nio-8081-exec-2] o.s.web.servlet.DispatcherServlet        : Completed initialization in 1 ms
2023-11-04 12:26:57.673  WARN 45884 --- [http-nio-8081-exec-2] .m.m.a.ExceptionHandlerExceptionResolver : Resolved [org.springframework.web.method.annotation.MethodArgumentTypeMismatchException: Failed to convert value of type 'java.lang.String' to required type 'int'; nested exception is java.lang.NumberFormatException: For input string: "currentPage"]
2023-11-04 12:31:05.871  INFO 45000 --- [restartedMain] com.cx.atm.AtmApplication                : Starting AtmApplication using Java 1.8.0_381 on PC-20230329ZZGJ with PID 45000 (D:\JAVA\Spring\atm\target\classes started by 晨曦 in D:\JAVA\Spring\atm)
2023-11-04 12:31:05.873  INFO 45000 --- [restartedMain] com.cx.atm.AtmApplication                : No active profile set, falling back to 1 default profile: "default"
2023-11-04 12:31:05.948  INFO 45000 --- [restartedMain] .e.DevToolsPropertyDefaultsPostProcessor : Devtools property defaults active! Set 'spring.devtools.add-properties' to 'false' to disable
2023-11-04 12:31:05.949  INFO 45000 --- [restartedMain] .e.DevToolsPropertyDefaultsPostProcessor : For additional web related logging consider setting the 'logging.level.web' property to 'DEBUG'
2023-11-04 12:31:07.745  INFO 45000 --- [restartedMain] o.s.b.w.embedded.tomcat.TomcatWebServer  : Tomcat initialized with port(s): 8081 (http)
2023-11-04 12:31:07.781  INFO 45000 --- [restartedMain] o.apache.catalina.core.StandardService   : Starting service [Tomcat]
2023-11-04 12:31:07.782  INFO 45000 --- [restartedMain] org.apache.catalina.core.StandardEngine  : Starting Servlet engine: [Apache Tomcat/9.0.62]
2023-11-04 12:31:08.023  INFO 45000 --- [restartedMain] o.a.c.c.C.[Tomcat].[localhost].[/]       : Initializing Spring embedded WebApplicationContext
2023-11-04 12:31:08.034  INFO 45000 --- [restartedMain] w.s.c.ServletWebServerApplicationContext : Root WebApplicationContext: initialization completed in 2084 ms
2023-11-04 12:31:08.231  INFO 45000 --- [restartedMain] c.a.d.s.b.a.DruidDataSourceAutoConfigure : Init DruidDataSource
2023-11-04 12:31:08.402  INFO 45000 --- [restartedMain] com.alibaba.druid.pool.DruidDataSource   : {dataSource-1} inited
2023-11-04 12:31:10.395  INFO 45000 --- [restartedMain] o.s.b.d.a.OptionalLiveReloadServer       : LiveReload server is running on port 35729
2023-11-04 12:31:10.450  INFO 45000 --- [restartedMain] o.s.b.w.embedded.tomcat.TomcatWebServer  : Tomcat started on port(s): 8081 (http) with context path ''
2023-11-04 12:31:10.463  INFO 45000 --- [restartedMain] com.cx.atm.AtmApplication                : Started AtmApplication in 5.414 seconds (JVM running for 7.485)
2023-11-04 12:31:13.554  INFO 45000 --- [http-nio-8081-exec-1] o.a.c.c.C.[Tomcat].[localhost].[/]       : Initializing Spring DispatcherServlet 'dispatcherServlet'
2023-11-04 12:31:13.569  INFO 45000 --- [http-nio-8081-exec-1] o.s.web.servlet.DispatcherServlet        : Initializing Servlet 'dispatcherServlet'
2023-11-04 12:31:13.579  INFO 45000 --- [http-nio-8081-exec-1] o.s.web.servlet.DispatcherServlet        : Completed initialization in 1 ms
2023-11-04 12:31:14.814  INFO 45000 --- [http-nio-8081-exec-1] com.cx.atm.controller.AccountController  : 当前页: 1，每页大小: 10
2023-11-04 12:32:08.598  INFO 45000 --- [http-nio-8081-exec-3] com.cx.atm.controller.AccountController  : 当前页: 1，每页大小: 5
2023-11-04 12:34:01.414  WARN 45000 --- [http-nio-8081-exec-6] c.a.druid.pool.DruidAbstractDataSource   : discard long time none received connection. , jdbcUrl : jdbc:mysql://localhost:3306/dbc?serverTimezone=UTC, version : 1.2.8, lastPacketReceivedIdleMillis : 112803
