2023-11-06 14:15:18.903  INFO 21568 --- [http-nio-80-exec-2] o.s.web.servlet.DispatcherServlet        : Initializing Servlet 'dispatcherServlet'
2023-11-06 14:15:18.908  INFO 21568 --- [http-nio-80-exec-2] o.s.web.servlet.DispatcherServlet        : Completed initialization in 1 ms
2023-11-06 14:15:18.956  INFO 21568 --- [http-nio-80-exec-2] c.cx.atm.controller.AccountsController   : 账户ID: 2937902
2023-11-06 14:24:49.028  INFO 11976 --- [restartedMain] com.cx.atm.AtmApplication                : Starting AtmApplication using Java 1.8.0_381 on PC-20230329ZZGJ with PID 11976 (D:\JAVA\Spring\atm\target\classes started by 晨曦 in D:\JAVA\Spring\atm)
2023-11-06 14:24:49.033  INFO 11976 --- [restartedMain] com.cx.atm.AtmApplication                : No active profile set, falling back to 1 default profile: "default"
2023-11-06 14:24:49.317  INFO 11976 --- [restartedMain] .e.DevToolsPropertyDefaultsPostProcessor : Devtools property defaults active! Set 'spring.devtools.add-properties' to 'false' to disable
2023-11-06 14:24:49.317  INFO 11976 --- [restartedMain] .e.DevToolsPropertyDefaultsPostProcessor : For additional web related logging consider setting the 'logging.level.web' property to 'DEBUG'
2023-11-06 14:24:51.085  INFO 11976 --- [restartedMain] o.s.b.w.embedded.tomcat.TomcatWebServer  : Tomcat initialized with port(s): 80 (http)
2023-11-06 14:24:51.097  INFO 11976 --- [restartedMain] o.apache.catalina.core.StandardService   : Starting service [Tomcat]
2023-11-06 14:24:51.097  INFO 11976 --- [restartedMain] org.apache.catalina.core.StandardEngine  : Starting Servlet engine: [Apache Tomcat/9.0.62]
2023-11-06 14:24:51.252  INFO 11976 --- [restartedMain] o.a.c.c.C.[Tomcat].[localhost].[/]       : Initializing Spring embedded WebApplicationContext
2023-11-06 14:24:51.253  INFO 11976 --- [restartedMain] w.s.c.ServletWebServerApplicationContext : Root WebApplicationContext: initialization completed in 1935 ms
2023-11-06 14:24:51.477  INFO 11976 --- [restartedMain] c.a.d.s.b.a.DruidDataSourceAutoConfigure : Init DruidDataSource
2023-11-06 14:24:51.618  INFO 11976 --- [restartedMain] com.alibaba.druid.pool.DruidDataSource   : {dataSource-1} inited
2023-11-06 14:24:53.441  INFO 11976 --- [restartedMain] o.s.b.d.a.OptionalLiveReloadServer       : LiveReload server is running on port 35729
2023-11-06 14:24:53.502  INFO 11976 --- [restartedMain] o.s.b.w.embedded.tomcat.TomcatWebServer  : Tomcat started on port(s): 80 (http) with context path ''
2023-11-06 14:24:53.521  INFO 11976 --- [restartedMain] com.cx.atm.AtmApplication                : Started AtmApplication in 5.608 seconds (JVM running for 7.574)
2023-11-06 14:25:28.124  INFO 11976 --- [http-nio-80-exec-2] o.a.c.c.C.[Tomcat].[localhost].[/]       : Initializing Spring DispatcherServlet 'dispatcherServlet'
2023-11-06 14:25:28.124  INFO 11976 --- [http-nio-80-exec-2] o.s.web.servlet.DispatcherServlet        : Initializing Servlet 'dispatcherServlet'
2023-11-06 14:25:28.126  INFO 11976 --- [http-nio-80-exec-2] o.s.web.servlet.DispatcherServlet        : Completed initialization in 1 ms
2023-11-06 14:25:28.241  WARN 11976 --- [http-nio-80-exec-2] .m.m.a.ExceptionHandlerExceptionResolver : Resolved [org.springframework.web.HttpRequestMethodNotSupportedException: Request method 'POST' not supported]
2023-11-06 14:27:44.370  INFO 3340 --- [restartedMain] com.cx.atm.AtmApplication                : Starting AtmApplication using Java 1.8.0_381 on PC-20230329ZZGJ with PID 3340 (D:\JAVA\Spring\atm\target\classes started by 晨曦 in D:\JAVA\Spring\atm)
2023-11-06 14:27:44.373  INFO 3340 --- [restartedMain] com.cx.atm.AtmApplication                : No active profile set, falling back to 1 default profile: "default"
2023-11-06 14:27:44.438  INFO 3340 --- [restartedMain] .e.DevToolsPropertyDefaultsPostProcessor : Devtools property defaults active! Set 'spring.devtools.add-properties' to 'false' to disable
2023-11-06 14:27:44.439  INFO 3340 --- [restartedMain] .e.DevToolsPropertyDefaultsPostProcessor : For additional web related logging consider setting the 'logging.level.web' property to 'DEBUG'
2023-11-06 14:27:46.137  INFO 3340 --- [restartedMain] o.s.b.w.embedded.tomcat.TomcatWebServer  : Tomcat initialized with port(s): 80 (http)
2023-11-06 14:27:46.170  INFO 3340 --- [restartedMain] o.apache.catalina.core.StandardService   : Starting service [Tomcat]
2023-11-06 14:27:46.171  INFO 3340 --- [restartedMain] org.apache.catalina.core.StandardEngine  : Starting Servlet engine: [Apache Tomcat/9.0.62]
2023-11-06 14:27:46.327  INFO 3340 --- [restartedMain] o.a.c.c.C.[Tomcat].[localhost].[/]       : Initializing Spring embedded WebApplicationContext
2023-11-06 14:27:46.336  INFO 3340 --- [restartedMain] w.s.c.ServletWebServerApplicationContext : Root WebApplicationContext: initialization completed in 1896 ms
2023-11-06 14:27:46.526  INFO 3340 --- [restartedMain] c.a.d.s.b.a.DruidDataSourceAutoConfigure : Init DruidDataSource
2023-11-06 14:27:46.690  INFO 3340 --- [restartedMain] com.alibaba.druid.pool.DruidDataSource   : {dataSource-1} inited
2023-11-06 14:27:48.421  INFO 3340 --- [restartedMain] o.s.b.d.a.OptionalLiveReloadServer       : LiveReload server is running on port 35729
2023-11-06 14:27:48.479  INFO 3340 --- [restartedMain] o.s.b.w.embedded.tomcat.TomcatWebServer  : Tomcat started on port(s): 80 (http) with context path ''
2023-11-06 14:27:48.493  INFO 3340 --- [restartedMain] com.cx.atm.AtmApplication                : Started AtmApplication in 5.014 seconds (JVM running for 7.056)
2023-11-06 14:27:53.011  INFO 3340 --- [http-nio-80-exec-2] o.a.c.c.C.[Tomcat].[localhost].[/]       : Initializing Spring DispatcherServlet 'dispatcherServlet'
2023-11-06 14:27:53.021  INFO 3340 --- [http-nio-80-exec-2] o.s.web.servlet.DispatcherServlet        : Initializing Servlet 'dispatcherServlet'
2023-11-06 14:27:53.030  INFO 3340 --- [http-nio-80-exec-2] o.s.web.servlet.DispatcherServlet        : Completed initialization in 0 ms
