2023-11-07 15:25:37.656  INFO 17308 --- [http-nio-80-exec-4] c.cx.atm.controller.AccountsController   : 账户ID: 43256785
2023-11-07 15:29:59.133  INFO 14060 --- [restartedMain] com.cx.atm.AtmApplication                : Starting AtmApplication using Java 1.8.0_381 on PC-20230329ZZGJ with PID 14060 (D:\JAVA\Spring\atm\target\classes started by 晨曦 in D:\JAVA\Spring\atm)
2023-11-07 15:29:59.135  INFO 14060 --- [restartedMain] com.cx.atm.AtmApplication                : No active profile set, falling back to 1 default profile: "default"
2023-11-07 15:29:59.199  INFO 14060 --- [restartedMain] .e.DevToolsPropertyDefaultsPostProcessor : Devtools property defaults active! Set 'spring.devtools.add-properties' to 'false' to disable
2023-11-07 15:29:59.200  INFO 14060 --- [restartedMain] .e.DevToolsPropertyDefaultsPostProcessor : For additional web related logging consider setting the 'logging.level.web' property to 'DEBUG'
2023-11-07 15:30:00.965  INFO 14060 --- [restartedMain] o.s.b.w.embedded.tomcat.TomcatWebServer  : Tomcat initialized with port(s): 80 (http)
2023-11-07 15:30:00.979  INFO 14060 --- [restartedMain] o.apache.catalina.core.StandardService   : Starting service [Tomcat]
2023-11-07 15:30:00.980  INFO 14060 --- [restartedMain] org.apache.catalina.core.StandardEngine  : Starting Servlet engine: [Apache Tomcat/9.0.62]
2023-11-07 15:30:01.154  INFO 14060 --- [restartedMain] o.a.c.c.C.[Tomcat].[localhost].[/]       : Initializing Spring embedded WebApplicationContext
2023-11-07 15:30:01.154  INFO 14060 --- [restartedMain] w.s.c.ServletWebServerApplicationContext : Root WebApplicationContext: initialization completed in 1953 ms
2023-11-07 15:30:01.351  INFO 14060 --- [restartedMain] c.a.d.s.b.a.DruidDataSourceAutoConfigure : Init DruidDataSource
2023-11-07 15:30:01.500  INFO 14060 --- [restartedMain] com.alibaba.druid.pool.DruidDataSource   : {dataSource-1} inited
2023-11-07 15:30:03.389  INFO 14060 --- [restartedMain] o.s.b.d.a.OptionalLiveReloadServer       : LiveReload server is running on port 35729
2023-11-07 15:30:03.436  INFO 14060 --- [restartedMain] o.s.b.w.embedded.tomcat.TomcatWebServer  : Tomcat started on port(s): 80 (http) with context path ''
2023-11-07 15:30:03.449  INFO 14060 --- [restartedMain] com.cx.atm.AtmApplication                : Started AtmApplication in 5.16 seconds (JVM running for 7.191)
2023-11-07 15:30:32.989  INFO 14060 --- [http-nio-80-exec-1] o.a.c.c.C.[Tomcat].[localhost].[/]       : Initializing Spring DispatcherServlet 'dispatcherServlet'
2023-11-07 15:30:32.990  INFO 14060 --- [http-nio-80-exec-1] o.s.web.servlet.DispatcherServlet        : Initializing Servlet 'dispatcherServlet'
2023-11-07 15:30:32.992  INFO 14060 --- [http-nio-80-exec-1] o.s.web.servlet.DispatcherServlet        : Completed initialization in 1 ms
2023-11-07 15:30:34.322  INFO 14060 --- [http-nio-80-exec-1] c.cx.atm.controller.AccountsController   : Account{userName='沈伟', cardId=43256785, passWord='312356', sex='男', money=101992.0, limitMoney=100000.0}
2023-11-07 15:30:34.323  INFO 14060 --- [http-nio-80-exec-1] c.cx.atm.controller.AccountsController   : 登录成功：Account{userName='沈伟', cardId=43256785, passWord='312356', sex='男', money=101992.0, limitMoney=100000.0}
2023-11-07 15:30:38.072  INFO 14060 --- [http-nio-80-exec-2] c.cx.atm.controller.AccountsController   : 账户ID: 43256785
2023-11-07 15:30:54.641  WARN 14060 --- [http-nio-80-exec-6] .m.m.a.ExceptionHandlerExceptionResolver : Resolved [org.springframework.jdbc.BadSqlGrammarException: <EOL><EOL>### Error querying database.  Cause: java.sql.SQLException: No value specified for parameter 1<EOL><EOL>### The error may exist in com/cx/atm/mapper/AccountsMapper.java (best guess)<EOL><EOL>### The error may involve com.cx.atm.mapper.AccountsMapper.findByLastName-Inline<EOL><EOL>### The error occurred while setting parameters<EOL><EOL>### SQL: SELECT * FROM accounts WHERE UserName LIKE ?<EOL><EOL>### Cause: java.sql.SQLException: No value specified for parameter 1<EOL>; bad SQL grammar []; nested exception is java.sql.SQLException: No value specified for parameter 1]
2023-11-07 15:30:57.351  INFO 14060 --- [http-nio-80-exec-3] c.cx.atm.controller.AccountsController   : 账户ID: 43256785
2023-11-07 15:31:49.229  INFO 8472 --- [restartedMain] com.cx.atm.AtmApplication                : Starting AtmApplication using Java 1.8.0_381 on PC-20230329ZZGJ with PID 8472 (D:\JAVA\Spring\atm\target\classes started by 晨曦 in D:\JAVA\Spring\atm)
2023-11-07 15:31:49.231  INFO 8472 --- [restartedMain] com.cx.atm.AtmApplication                : No active profile set, falling back to 1 default profile: "default"
2023-11-07 15:31:49.298  INFO 8472 --- [restartedMain] .e.DevToolsPropertyDefaultsPostProcessor : Devtools property defaults active! Set 'spring.devtools.add-properties' to 'false' to disable
2023-11-07 15:31:49.298  INFO 8472 --- [restartedMain] .e.DevToolsPropertyDefaultsPostProcessor : For additional web related logging consider setting the 'logging.level.web' property to 'DEBUG'
2023-11-07 15:31:51.299  INFO 8472 --- [restartedMain] o.s.b.w.embedded.tomcat.TomcatWebServer  : Tomcat initialized with port(s): 80 (http)
2023-11-07 15:31:51.328  INFO 8472 --- [restartedMain] o.apache.catalina.core.StandardService   : Starting service [Tomcat]
2023-11-07 15:31:51.328  INFO 8472 --- [restartedMain] org.apache.catalina.core.StandardEngine  : Starting Servlet engine: [Apache Tomcat/9.0.62]
2023-11-07 15:31:51.490  INFO 8472 --- [restartedMain] o.a.c.c.C.[Tomcat].[localhost].[/]       : Initializing Spring embedded WebApplicationContext
2023-11-07 15:31:51.501  INFO 8472 --- [restartedMain] w.s.c.ServletWebServerApplicationContext : Root WebApplicationContext: initialization completed in 2202 ms
2023-11-07 15:31:51.715  INFO 8472 --- [restartedMain] c.a.d.s.b.a.DruidDataSourceAutoConfigure : Init DruidDataSource
2023-11-07 15:31:51.879  INFO 8472 --- [restartedMain] com.alibaba.druid.pool.DruidDataSource   : {dataSource-1} inited
2023-11-07 15:31:53.634  INFO 8472 --- [restartedMain] o.s.b.d.a.OptionalLiveReloadServer       : LiveReload server is running on port 35729
2023-11-07 15:31:53.685  INFO 8472 --- [restartedMain] o.s.b.w.embedded.tomcat.TomcatWebServer  : Tomcat started on port(s): 80 (http) with context path ''
2023-11-07 15:31:53.697  INFO 8472 --- [restartedMain] com.cx.atm.AtmApplication                : Started AtmApplication in 5.401 seconds (JVM running for 7.316)
2023-11-07 15:32:15.261  INFO 8472 --- [http-nio-80-exec-1] o.a.c.c.C.[Tomcat].[localhost].[/]       : Initializing Spring DispatcherServlet 'dispatcherServlet'
2023-11-07 15:32:15.273  INFO 8472 --- [http-nio-80-exec-1] o.s.web.servlet.DispatcherServlet        : Initializing Servlet 'dispatcherServlet'
2023-11-07 15:32:15.282  INFO 8472 --- [http-nio-80-exec-1] o.s.web.servlet.DispatcherServlet        : Completed initialization in 1 ms
2023-11-07 15:32:16.593  WARN 8472 --- [http-nio-80-exec-1] .m.m.a.ExceptionHandlerExceptionResolver : Resolved [org.springframework.jdbc.BadSqlGrammarException: <EOL><EOL>### Error querying database.  Cause: java.sql.SQLException: No value specified for parameter 1<EOL><EOL>### The error may exist in com/cx/atm/mapper/AccountsMapper.java (best guess)<EOL><EOL>### The error may involve com.cx.atm.mapper.AccountsMapper.findByLastName-Inline<EOL><EOL>### The error occurred while setting parameters<EOL><EOL>### SQL: SELECT * FROM accounts WHERE UserName LIKE ?<EOL><EOL>### Cause: java.sql.SQLException: No value specified for parameter 1<EOL>; bad SQL grammar []; nested exception is java.sql.SQLException: No value specified for parameter 1]
2023-11-07 15:32:19.481  INFO 8472 --- [http-nio-80-exec-2] c.cx.atm.controller.AccountsController   : 账户ID: 43256785
2023-11-07 15:32:22.875  WARN 8472 --- [http-nio-80-exec-5] .m.m.a.ExceptionHandlerExceptionResolver : Resolved [org.springframework.jdbc.BadSqlGrammarException: <EOL><EOL>### Error querying database.  Cause: java.sql.SQLException: No value specified for parameter 1<EOL><EOL>### The error may exist in com/cx/atm/mapper/AccountsMapper.java (best guess)<EOL><EOL>### The error may involve com.cx.atm.mapper.AccountsMapper.findByLastName-Inline<EOL><EOL>### The error occurred while setting parameters<EOL><EOL>### SQL: SELECT * FROM accounts WHERE UserName LIKE ?<EOL><EOL>### Cause: java.sql.SQLException: No value specified for parameter 1<EOL>; bad SQL grammar []; nested exception is java.sql.SQLException: No value specified for parameter 1]
