2023-11-07 00:18:00.930  INFO 20676 --- [restartedMain] o.a.c.c.C.[Tomcat].[localhost].[/]       : Initializing Spring embedded WebApplicationContext
2023-11-07 00:18:00.936  INFO 20676 --- [restartedMain] w.s.c.ServletWebServerApplicationContext : Root WebApplicationContext: initialization completed in 2305 ms
2023-11-07 00:18:01.184  INFO 20676 --- [restartedMain] c.a.d.s.b.a.DruidDataSourceAutoConfigure : Init DruidDataSource
2023-11-07 00:18:01.348  INFO 20676 --- [restartedMain] com.alibaba.druid.pool.DruidDataSource   : {dataSource-1} inited
2023-11-07 00:18:03.306  INFO 20676 --- [restartedMain] o.s.b.d.a.OptionalLiveReloadServer       : LiveReload server is running on port 35729
2023-11-07 00:18:03.358  INFO 20676 --- [restartedMain] o.s.b.w.embedded.tomcat.TomcatWebServer  : Tomcat started on port(s): 80 (http) with context path ''
2023-11-07 00:18:03.399  INFO 20676 --- [restartedMain] com.cx.atm.AtmApplication                : Started AtmApplication in 5.732 seconds (JVM running for 7.738)
2023-11-07 00:18:12.867  INFO 20676 --- [http-nio-80-exec-1] o.a.c.c.C.[Tomcat].[localhost].[/]       : Initializing Spring DispatcherServlet 'dispatcherServlet'
2023-11-07 00:18:12.868  INFO 20676 --- [http-nio-80-exec-1] o.s.web.servlet.DispatcherServlet        : Initializing Servlet 'dispatcherServlet'
2023-11-07 00:18:12.869  INFO 20676 --- [http-nio-80-exec-1] o.s.web.servlet.DispatcherServlet        : Completed initialization in 1 ms
2023-11-07 00:18:14.129  INFO 20676 --- [http-nio-80-exec-3] c.cx.atm.controller.AccountsController   : Account{userName='沈伟', cardId=43256785, passWord='312356', sex='男', money=100000.0, limitMoney=100000.0}
2023-11-07 00:18:14.129  INFO 20676 --- [http-nio-80-exec-3] c.cx.atm.controller.AccountsController   : 登录成功：Account{userName='沈伟', cardId=43256785, passWord='312356', sex='男', money=100000.0, limitMoney=100000.0}
2023-11-07 00:18:17.604  INFO 20676 --- [http-nio-80-exec-2] c.cx.atm.controller.AccountsController   : 账户ID: 43256785
2023-11-07 00:25:07.665  INFO 17028 --- [restartedMain] com.cx.atm.AtmApplication                : Starting AtmApplication using Java 1.8.0_381 on PC-20230329ZZGJ with PID 17028 (D:\JAVA\Spring\atm\target\classes started by 晨曦 in D:\JAVA\Spring\atm)
2023-11-07 00:25:07.669  INFO 17028 --- [restartedMain] com.cx.atm.AtmApplication                : No active profile set, falling back to 1 default profile: "default"
2023-11-07 00:25:07.742  INFO 17028 --- [restartedMain] .e.DevToolsPropertyDefaultsPostProcessor : Devtools property defaults active! Set 'spring.devtools.add-properties' to 'false' to disable
2023-11-07 00:25:07.743  INFO 17028 --- [restartedMain] .e.DevToolsPropertyDefaultsPostProcessor : For additional web related logging consider setting the 'logging.level.web' property to 'DEBUG'
2023-11-07 00:25:09.632  INFO 17028 --- [restartedMain] o.s.b.w.embedded.tomcat.TomcatWebServer  : Tomcat initialized with port(s): 80 (http)
2023-11-07 00:25:09.647  INFO 17028 --- [restartedMain] o.apache.catalina.core.StandardService   : Starting service [Tomcat]
2023-11-07 00:25:09.647  INFO 17028 --- [restartedMain] org.apache.catalina.core.StandardEngine  : Starting Servlet engine: [Apache Tomcat/9.0.62]
2023-11-07 00:25:09.792  INFO 17028 --- [restartedMain] o.a.c.c.C.[Tomcat].[localhost].[/]       : Initializing Spring embedded WebApplicationContext
2023-11-07 00:25:09.793  INFO 17028 --- [restartedMain] w.s.c.ServletWebServerApplicationContext : Root WebApplicationContext: initialization completed in 2049 ms
2023-11-07 00:25:10.012  INFO 17028 --- [restartedMain] c.a.d.s.b.a.DruidDataSourceAutoConfigure : Init DruidDataSource
2023-11-07 00:25:10.181  INFO 17028 --- [restartedMain] com.alibaba.druid.pool.DruidDataSource   : {dataSource-1} inited
2023-11-07 00:25:12.061  INFO 17028 --- [restartedMain] o.s.b.d.a.OptionalLiveReloadServer       : LiveReload server is running on port 35729
2023-11-07 00:25:12.148  INFO 17028 --- [restartedMain] o.s.b.w.embedded.tomcat.TomcatWebServer  : Tomcat started on port(s): 80 (http) with context path ''
2023-11-07 00:25:12.209  INFO 17028 --- [restartedMain] com.cx.atm.AtmApplication                : Started AtmApplication in 5.427 seconds (JVM running for 7.51)
2023-11-07 00:25:50.504  INFO 17028 --- [http-nio-80-exec-1] o.a.c.c.C.[Tomcat].[localhost].[/]       : Initializing Spring DispatcherServlet 'dispatcherServlet'
2023-11-07 00:25:50.519  INFO 17028 --- [http-nio-80-exec-1] o.s.web.servlet.DispatcherServlet        : Initializing Servlet 'dispatcherServlet'
2023-11-07 00:25:50.532  INFO 17028 --- [http-nio-80-exec-1] o.s.web.servlet.DispatcherServlet        : Completed initialization in 1 ms
