2023-11-04 00:36:03.618  INFO 43728 --- [http-nio-8081-exec-2] o.s.web.servlet.DispatcherServlet        : Initializing Servlet 'dispatcherServlet'
2023-11-04 00:36:03.624  INFO 43728 --- [http-nio-8081-exec-2] o.s.web.servlet.DispatcherServlet        : Completed initialization in 1 ms
2023-11-04 09:16:38.605  INFO 41596 --- [restartedMain] com.cx.atm.AtmApplication                : Starting AtmApplication using Java 1.8.0_381 on PC-20230329ZZGJ with PID 41596 (D:\JAVA\Spring\atm\target\classes started by 晨曦 in D:\JAVA\Spring\atm)
2023-11-04 09:16:38.605  INFO 41596 --- [restartedMain] com.cx.atm.AtmApplication                : No active profile set, falling back to 1 default profile: "default"
2023-11-04 09:16:38.699  INFO 41596 --- [restartedMain] .e.DevToolsPropertyDefaultsPostProcessor : Devtools property defaults active! Set 'spring.devtools.add-properties' to 'false' to disable
2023-11-04 09:16:38.699  INFO 41596 --- [restartedMain] .e.DevToolsPropertyDefaultsPostProcessor : For additional web related logging consider setting the 'logging.level.web' property to 'DEBUG'
2023-11-04 09:16:41.508  INFO 41596 --- [restartedMain] o.s.b.w.embedded.tomcat.TomcatWebServer  : Tomcat initialized with port(s): 8081 (http)
2023-11-04 09:16:41.532  INFO 41596 --- [restartedMain] o.apache.catalina.core.StandardService   : Starting service [Tomcat]
2023-11-04 09:16:41.533  INFO 41596 --- [restartedMain] org.apache.catalina.core.StandardEngine  : Starting Servlet engine: [Apache Tomcat/9.0.62]
2023-11-04 09:16:41.819  INFO 41596 --- [restartedMain] o.a.c.c.C.[Tomcat].[localhost].[/]       : Initializing Spring embedded WebApplicationContext
2023-11-04 09:16:41.820  INFO 41596 --- [restartedMain] w.s.c.ServletWebServerApplicationContext : Root WebApplicationContext: initialization completed in 3121 ms
2023-11-04 09:16:42.131  INFO 41596 --- [restartedMain] c.a.d.s.b.a.DruidDataSourceAutoConfigure : Init DruidDataSource
2023-11-04 09:16:42.344  INFO 41596 --- [restartedMain] com.alibaba.druid.pool.DruidDataSource   : {dataSource-1} inited
2023-11-04 09:16:45.123  INFO 41596 --- [restartedMain] o.s.b.d.a.OptionalLiveReloadServer       : LiveReload server is running on port 35729
2023-11-04 09:16:45.207  INFO 41596 --- [restartedMain] o.s.b.w.embedded.tomcat.TomcatWebServer  : Tomcat started on port(s): 8081 (http) with context path ''
2023-11-04 09:16:45.224  INFO 41596 --- [restartedMain] com.cx.atm.AtmApplication                : Started AtmApplication in 7.623 seconds (JVM running for 9.919)
2023-11-04 09:18:01.747  INFO 41596 --- [http-nio-8081-exec-3] o.a.c.c.C.[Tomcat].[localhost].[/]       : Initializing Spring DispatcherServlet 'dispatcherServlet'
2023-11-04 09:18:01.748  INFO 41596 --- [http-nio-8081-exec-3] o.s.web.servlet.DispatcherServlet        : Initializing Servlet 'dispatcherServlet'
2023-11-04 09:18:01.749  INFO 41596 --- [http-nio-8081-exec-3] o.s.web.servlet.DispatcherServlet        : Completed initialization in 1 ms
2023-11-04 09:18:01.944  WARN 41596 --- [http-nio-8081-exec-3] .m.m.a.ExceptionHandlerExceptionResolver : Resolved [org.springframework.http.converter.HttpMessageNotReadableException: Required request body is missing: public com.cx.atm.pojo.Account com.cx.atm.controller.AccountController.addAccount(com.cx.atm.pojo.Account)]
2023-11-04 09:20:39.913  INFO 41596 --- [http-nio-8081-exec-5] com.cx.atm.controller.AccountController  : user_id: 1
2023-11-04 09:50:35.494  INFO 28172 --- [restartedMain] com.cx.atm.AtmApplication                : Starting AtmApplication using Java 1.8.0_381 on PC-20230329ZZGJ with PID 28172 (D:\JAVA\Spring\atm\target\classes started by 晨曦 in D:\JAVA\Spring\atm)
2023-11-04 09:50:35.496  INFO 28172 --- [restartedMain] com.cx.atm.AtmApplication                : No active profile set, falling back to 1 default profile: "default"
2023-11-04 09:50:35.568  INFO 28172 --- [restartedMain] .e.DevToolsPropertyDefaultsPostProcessor : Devtools property defaults active! Set 'spring.devtools.add-properties' to 'false' to disable
2023-11-04 09:50:35.568  INFO 28172 --- [restartedMain] .e.DevToolsPropertyDefaultsPostProcessor : For additional web related logging consider setting the 'logging.level.web' property to 'DEBUG'
2023-11-04 09:50:37.419  INFO 28172 --- [restartedMain] o.s.b.w.embedded.tomcat.TomcatWebServer  : Tomcat initialized with port(s): 8081 (http)
2023-11-04 09:50:37.453  INFO 28172 --- [restartedMain] o.apache.catalina.core.StandardService   : Starting service [Tomcat]
2023-11-04 09:50:37.454  INFO 28172 --- [restartedMain] org.apache.catalina.core.StandardEngine  : Starting Servlet engine: [Apache Tomcat/9.0.62]
2023-11-04 09:50:37.620  INFO 28172 --- [restartedMain] o.a.c.c.C.[Tomcat].[localhost].[/]       : Initializing Spring embedded WebApplicationContext
2023-11-04 09:50:37.631  INFO 28172 --- [restartedMain] w.s.c.ServletWebServerApplicationContext : Root WebApplicationContext: initialization completed in 2062 ms
2023-11-04 09:50:37.833  INFO 28172 --- [restartedMain] c.a.d.s.b.a.DruidDataSourceAutoConfigure : Init DruidDataSource
2023-11-04 09:50:38.009  INFO 28172 --- [restartedMain] com.alibaba.druid.pool.DruidDataSource   : {dataSource-1} inited
